{"/Users/olubodeajayi/Banka/dist/server/test/account.js":{"path":"/Users/olubodeajayi/Banka/dist/server/test/account.js","statementMap":{"0":{"start":{"line":3,"column":12},"end":{"line":3,"column":27}},"1":{"start":{"line":5,"column":13},"end":{"line":5,"column":42}},"2":{"start":{"line":7,"column":11},"end":{"line":7,"column":31}},"3":{"start":{"line":9,"column":12},"end":{"line":9,"column":40}},"4":{"start":{"line":11,"column":39},"end":{"line":11,"column":93}},"5":{"start":{"line":15,"column":0},"end":{"line":15,"column":41}},"6":{"start":{"line":18,"column":0},"end":{"line":310,"column":3}},"7":{"start":{"line":19,"column":24},"end":{"line":26,"column":3}},"8":{"start":{"line":28,"column":26},"end":{"line":34,"column":3}},"9":{"start":{"line":36,"column":28},"end":{"line":43,"column":3}},"10":{"start":{"line":45,"column":30},"end":{"line":51,"column":3}},"11":{"start":{"line":53,"column":27},"end":{"line":60,"column":3}},"12":{"start":{"line":62,"column":29},"end":{"line":68,"column":3}},"13":{"start":{"line":70,"column":24},"end":{"line":77,"column":3}},"14":{"start":{"line":79,"column":26},"end":{"line":85,"column":3}},"15":{"start":{"line":87,"column":21},"end":{"line":94,"column":3}},"16":{"start":{"line":96,"column":23},"end":{"line":103,"column":3}},"17":{"start":{"line":105,"column":25},"end":{"line":111,"column":3}},"18":{"start":{"line":113,"column":20},"end":{"line":120,"column":3}},"19":{"start":{"line":122,"column":33},"end":{"line":129,"column":3}},"20":{"start":{"line":131,"column":35},"end":{"line":137,"column":3}},"21":{"start":{"line":139,"column":30},"end":{"line":146,"column":3}},"22":{"start":{"line":147,"column":24},"end":{"line":154,"column":3}},"23":{"start":{"line":155,"column":27},"end":{"line":162,"column":3}},"24":{"start":{"line":164,"column":2},"end":{"line":170,"column":5}},"25":{"start":{"line":165,"column":4},"end":{"line":169,"column":7}},"26":{"start":{"line":166,"column":6},"end":{"line":166,"column":47}},"27":{"start":{"line":167,"column":6},"end":{"line":167,"column":69}},"28":{"start":{"line":168,"column":6},"end":{"line":168,"column":13}},"29":{"start":{"line":172,"column":2},"end":{"line":178,"column":5}},"30":{"start":{"line":173,"column":4},"end":{"line":177,"column":7}},"31":{"start":{"line":174,"column":6},"end":{"line":174,"column":47}},"32":{"start":{"line":175,"column":6},"end":{"line":175,"column":64}},"33":{"start":{"line":176,"column":6},"end":{"line":176,"column":13}},"34":{"start":{"line":180,"column":2},"end":{"line":186,"column":5}},"35":{"start":{"line":181,"column":4},"end":{"line":185,"column":7}},"36":{"start":{"line":182,"column":6},"end":{"line":182,"column":47}},"37":{"start":{"line":183,"column":6},"end":{"line":183,"column":83}},"38":{"start":{"line":184,"column":6},"end":{"line":184,"column":13}},"39":{"start":{"line":188,"column":2},"end":{"line":194,"column":5}},"40":{"start":{"line":189,"column":4},"end":{"line":193,"column":7}},"41":{"start":{"line":190,"column":6},"end":{"line":190,"column":47}},"42":{"start":{"line":191,"column":6},"end":{"line":191,"column":68}},"43":{"start":{"line":192,"column":6},"end":{"line":192,"column":13}},"44":{"start":{"line":196,"column":2},"end":{"line":202,"column":5}},"45":{"start":{"line":197,"column":4},"end":{"line":201,"column":7}},"46":{"start":{"line":198,"column":6},"end":{"line":198,"column":47}},"47":{"start":{"line":199,"column":6},"end":{"line":199,"column":82}},"48":{"start":{"line":200,"column":6},"end":{"line":200,"column":13}},"49":{"start":{"line":204,"column":2},"end":{"line":210,"column":5}},"50":{"start":{"line":205,"column":4},"end":{"line":209,"column":7}},"51":{"start":{"line":206,"column":6},"end":{"line":206,"column":47}},"52":{"start":{"line":207,"column":6},"end":{"line":207,"column":67}},"53":{"start":{"line":208,"column":6},"end":{"line":208,"column":13}},"54":{"start":{"line":212,"column":2},"end":{"line":218,"column":5}},"55":{"start":{"line":213,"column":4},"end":{"line":217,"column":7}},"56":{"start":{"line":214,"column":6},"end":{"line":214,"column":47}},"57":{"start":{"line":215,"column":6},"end":{"line":215,"column":79}},"58":{"start":{"line":216,"column":6},"end":{"line":216,"column":13}},"59":{"start":{"line":220,"column":2},"end":{"line":226,"column":5}},"60":{"start":{"line":221,"column":4},"end":{"line":225,"column":7}},"61":{"start":{"line":222,"column":6},"end":{"line":222,"column":47}},"62":{"start":{"line":223,"column":6},"end":{"line":223,"column":64}},"63":{"start":{"line":224,"column":6},"end":{"line":224,"column":13}},"64":{"start":{"line":228,"column":2},"end":{"line":234,"column":5}},"65":{"start":{"line":229,"column":4},"end":{"line":233,"column":7}},"66":{"start":{"line":230,"column":6},"end":{"line":230,"column":47}},"67":{"start":{"line":231,"column":6},"end":{"line":231,"column":74}},"68":{"start":{"line":232,"column":6},"end":{"line":232,"column":13}},"69":{"start":{"line":236,"column":2},"end":{"line":242,"column":5}},"70":{"start":{"line":237,"column":4},"end":{"line":241,"column":7}},"71":{"start":{"line":238,"column":6},"end":{"line":238,"column":47}},"72":{"start":{"line":239,"column":6},"end":{"line":239,"column":78}},"73":{"start":{"line":240,"column":6},"end":{"line":240,"column":13}},"74":{"start":{"line":244,"column":2},"end":{"line":250,"column":5}},"75":{"start":{"line":245,"column":4},"end":{"line":249,"column":7}},"76":{"start":{"line":246,"column":6},"end":{"line":246,"column":47}},"77":{"start":{"line":247,"column":6},"end":{"line":247,"column":63}},"78":{"start":{"line":248,"column":6},"end":{"line":248,"column":13}},"79":{"start":{"line":252,"column":2},"end":{"line":258,"column":5}},"80":{"start":{"line":253,"column":4},"end":{"line":257,"column":7}},"81":{"start":{"line":254,"column":6},"end":{"line":254,"column":47}},"82":{"start":{"line":255,"column":6},"end":{"line":255,"column":130}},"83":{"start":{"line":256,"column":6},"end":{"line":256,"column":13}},"84":{"start":{"line":260,"column":2},"end":{"line":266,"column":5}},"85":{"start":{"line":261,"column":4},"end":{"line":265,"column":7}},"86":{"start":{"line":262,"column":6},"end":{"line":262,"column":47}},"87":{"start":{"line":263,"column":6},"end":{"line":263,"column":88}},"88":{"start":{"line":264,"column":6},"end":{"line":264,"column":13}},"89":{"start":{"line":268,"column":2},"end":{"line":274,"column":5}},"90":{"start":{"line":269,"column":4},"end":{"line":273,"column":7}},"91":{"start":{"line":270,"column":6},"end":{"line":270,"column":47}},"92":{"start":{"line":271,"column":6},"end":{"line":271,"column":73}},"93":{"start":{"line":272,"column":6},"end":{"line":272,"column":13}},"94":{"start":{"line":275,"column":2},"end":{"line":281,"column":5}},"95":{"start":{"line":276,"column":4},"end":{"line":280,"column":7}},"96":{"start":{"line":277,"column":6},"end":{"line":277,"column":47}},"97":{"start":{"line":278,"column":6},"end":{"line":278,"column":139}},"98":{"start":{"line":279,"column":6},"end":{"line":279,"column":13}},"99":{"start":{"line":282,"column":2},"end":{"line":295,"column":5}},"100":{"start":{"line":283,"column":4},"end":{"line":294,"column":7}},"101":{"start":{"line":284,"column":6},"end":{"line":284,"column":47}},"102":{"start":{"line":285,"column":6},"end":{"line":285,"column":48}},"103":{"start":{"line":286,"column":6},"end":{"line":286,"column":56}},"104":{"start":{"line":287,"column":6},"end":{"line":287,"column":56}},"105":{"start":{"line":288,"column":6},"end":{"line":288,"column":55}},"106":{"start":{"line":289,"column":6},"end":{"line":289,"column":52}},"107":{"start":{"line":290,"column":6},"end":{"line":290,"column":51}},"108":{"start":{"line":291,"column":6},"end":{"line":291,"column":61}},"109":{"start":{"line":292,"column":6},"end":{"line":292,"column":54}},"110":{"start":{"line":293,"column":6},"end":{"line":293,"column":13}},"111":{"start":{"line":296,"column":2},"end":{"line":309,"column":5}},"112":{"start":{"line":297,"column":4},"end":{"line":308,"column":7}},"113":{"start":{"line":298,"column":6},"end":{"line":298,"column":47}},"114":{"start":{"line":299,"column":6},"end":{"line":299,"column":48}},"115":{"start":{"line":300,"column":6},"end":{"line":300,"column":56}},"116":{"start":{"line":301,"column":6},"end":{"line":301,"column":56}},"117":{"start":{"line":302,"column":6},"end":{"line":302,"column":55}},"118":{"start":{"line":303,"column":6},"end":{"line":303,"column":52}},"119":{"start":{"line":304,"column":6},"end":{"line":304,"column":51}},"120":{"start":{"line":305,"column":6},"end":{"line":305,"column":61}},"121":{"start":{"line":306,"column":6},"end":{"line":306,"column":54}},"122":{"start":{"line":307,"column":6},"end":{"line":307,"column":13}},"123":{"start":{"line":314,"column":0},"end":{"line":337,"column":3}},"124":{"start":{"line":315,"column":2},"end":{"line":321,"column":5}},"125":{"start":{"line":316,"column":4},"end":{"line":320,"column":7}},"126":{"start":{"line":317,"column":6},"end":{"line":317,"column":47}},"127":{"start":{"line":318,"column":6},"end":{"line":318,"column":67}},"128":{"start":{"line":319,"column":6},"end":{"line":319,"column":13}},"129":{"start":{"line":323,"column":2},"end":{"line":336,"column":5}},"130":{"start":{"line":324,"column":4},"end":{"line":335,"column":7}},"131":{"start":{"line":325,"column":6},"end":{"line":325,"column":47}},"132":{"start":{"line":326,"column":6},"end":{"line":326,"column":48}},"133":{"start":{"line":327,"column":6},"end":{"line":327,"column":56}},"134":{"start":{"line":328,"column":6},"end":{"line":328,"column":56}},"135":{"start":{"line":329,"column":6},"end":{"line":329,"column":55}},"136":{"start":{"line":330,"column":6},"end":{"line":330,"column":52}},"137":{"start":{"line":331,"column":6},"end":{"line":331,"column":51}},"138":{"start":{"line":332,"column":6},"end":{"line":332,"column":61}},"139":{"start":{"line":333,"column":6},"end":{"line":333,"column":54}},"140":{"start":{"line":334,"column":6},"end":{"line":334,"column":13}},"141":{"start":{"line":341,"column":0},"end":{"line":367,"column":3}},"142":{"start":{"line":342,"column":2},"end":{"line":348,"column":5}},"143":{"start":{"line":343,"column":4},"end":{"line":347,"column":7}},"144":{"start":{"line":344,"column":6},"end":{"line":344,"column":47}},"145":{"start":{"line":345,"column":6},"end":{"line":345,"column":67}},"146":{"start":{"line":346,"column":6},"end":{"line":346,"column":13}},"147":{"start":{"line":350,"column":2},"end":{"line":357,"column":5}},"148":{"start":{"line":351,"column":4},"end":{"line":356,"column":7}},"149":{"start":{"line":352,"column":6},"end":{"line":352,"column":47}},"150":{"start":{"line":353,"column":6},"end":{"line":353,"column":65}},"151":{"start":{"line":354,"column":6},"end":{"line":354,"column":57}},"152":{"start":{"line":355,"column":6},"end":{"line":355,"column":13}},"153":{"start":{"line":359,"column":2},"end":{"line":366,"column":5}},"154":{"start":{"line":360,"column":4},"end":{"line":365,"column":7}},"155":{"start":{"line":361,"column":6},"end":{"line":361,"column":47}},"156":{"start":{"line":362,"column":6},"end":{"line":362,"column":65}},"157":{"start":{"line":363,"column":6},"end":{"line":363,"column":58}},"158":{"start":{"line":364,"column":6},"end":{"line":364,"column":13}},"159":{"start":{"line":370,"column":0},"end":{"line":387,"column":3}},"160":{"start":{"line":371,"column":2},"end":{"line":377,"column":5}},"161":{"start":{"line":372,"column":4},"end":{"line":376,"column":7}},"162":{"start":{"line":373,"column":6},"end":{"line":373,"column":47}},"163":{"start":{"line":374,"column":6},"end":{"line":374,"column":67}},"164":{"start":{"line":375,"column":6},"end":{"line":375,"column":13}},"165":{"start":{"line":379,"column":2},"end":{"line":386,"column":5}},"166":{"start":{"line":380,"column":4},"end":{"line":385,"column":7}},"167":{"start":{"line":381,"column":6},"end":{"line":381,"column":47}},"168":{"start":{"line":382,"column":6},"end":{"line":382,"column":65}},"169":{"start":{"line":383,"column":6},"end":{"line":383,"column":65}},"170":{"start":{"line":384,"column":6},"end":{"line":384,"column":13}},"171":{"start":{"line":391,"column":19},"end":{"line":395,"column":1}},"172":{"start":{"line":397,"column":21},"end":{"line":400,"column":1}},"173":{"start":{"line":402,"column":19},"end":{"line":406,"column":1}},"174":{"start":{"line":408,"column":25},"end":{"line":412,"column":1}},"175":{"start":{"line":414,"column":20},"end":{"line":417,"column":1}},"176":{"start":{"line":419,"column":18},"end":{"line":423,"column":1}},"177":{"start":{"line":425,"column":20},"end":{"line":428,"column":1}},"178":{"start":{"line":430,"column":20},"end":{"line":434,"column":1}},"179":{"start":{"line":436,"column":28},"end":{"line":440,"column":1}},"180":{"start":{"line":442,"column":0},"end":{"line":530,"column":3}},"181":{"start":{"line":443,"column":2},"end":{"line":449,"column":5}},"182":{"start":{"line":444,"column":4},"end":{"line":448,"column":7}},"183":{"start":{"line":445,"column":6},"end":{"line":445,"column":47}},"184":{"start":{"line":446,"column":6},"end":{"line":446,"column":71}},"185":{"start":{"line":447,"column":6},"end":{"line":447,"column":13}},"186":{"start":{"line":451,"column":2},"end":{"line":457,"column":5}},"187":{"start":{"line":452,"column":4},"end":{"line":456,"column":7}},"188":{"start":{"line":453,"column":6},"end":{"line":453,"column":47}},"189":{"start":{"line":454,"column":6},"end":{"line":454,"column":66}},"190":{"start":{"line":455,"column":6},"end":{"line":455,"column":13}},"191":{"start":{"line":459,"column":2},"end":{"line":465,"column":5}},"192":{"start":{"line":460,"column":4},"end":{"line":464,"column":7}},"193":{"start":{"line":461,"column":6},"end":{"line":461,"column":47}},"194":{"start":{"line":462,"column":6},"end":{"line":462,"column":71}},"195":{"start":{"line":463,"column":6},"end":{"line":463,"column":13}},"196":{"start":{"line":467,"column":2},"end":{"line":473,"column":5}},"197":{"start":{"line":468,"column":4},"end":{"line":472,"column":7}},"198":{"start":{"line":469,"column":6},"end":{"line":469,"column":47}},"199":{"start":{"line":470,"column":6},"end":{"line":470,"column":133}},"200":{"start":{"line":471,"column":6},"end":{"line":471,"column":13}},"201":{"start":{"line":475,"column":2},"end":{"line":481,"column":5}},"202":{"start":{"line":476,"column":4},"end":{"line":480,"column":7}},"203":{"start":{"line":477,"column":6},"end":{"line":477,"column":47}},"204":{"start":{"line":478,"column":6},"end":{"line":478,"column":65}},"205":{"start":{"line":479,"column":6},"end":{"line":479,"column":13}},"206":{"start":{"line":483,"column":2},"end":{"line":489,"column":5}},"207":{"start":{"line":484,"column":4},"end":{"line":488,"column":7}},"208":{"start":{"line":485,"column":6},"end":{"line":485,"column":47}},"209":{"start":{"line":486,"column":6},"end":{"line":486,"column":80}},"210":{"start":{"line":487,"column":6},"end":{"line":487,"column":13}},"211":{"start":{"line":491,"column":2},"end":{"line":497,"column":5}},"212":{"start":{"line":492,"column":4},"end":{"line":496,"column":7}},"213":{"start":{"line":493,"column":6},"end":{"line":493,"column":47}},"214":{"start":{"line":494,"column":6},"end":{"line":494,"column":65}},"215":{"start":{"line":495,"column":6},"end":{"line":495,"column":13}},"216":{"start":{"line":499,"column":2},"end":{"line":505,"column":5}},"217":{"start":{"line":500,"column":4},"end":{"line":504,"column":7}},"218":{"start":{"line":501,"column":6},"end":{"line":501,"column":47}},"219":{"start":{"line":502,"column":6},"end":{"line":502,"column":109}},"220":{"start":{"line":503,"column":6},"end":{"line":503,"column":13}},"221":{"start":{"line":507,"column":2},"end":{"line":513,"column":5}},"222":{"start":{"line":508,"column":4},"end":{"line":512,"column":7}},"223":{"start":{"line":509,"column":6},"end":{"line":509,"column":47}},"224":{"start":{"line":510,"column":6},"end":{"line":510,"column":67}},"225":{"start":{"line":511,"column":6},"end":{"line":511,"column":13}},"226":{"start":{"line":515,"column":2},"end":{"line":529,"column":5}},"227":{"start":{"line":516,"column":4},"end":{"line":528,"column":7}},"228":{"start":{"line":517,"column":6},"end":{"line":517,"column":47}},"229":{"start":{"line":518,"column":6},"end":{"line":518,"column":65}},"230":{"start":{"line":519,"column":6},"end":{"line":519,"column":66}},"231":{"start":{"line":520,"column":6},"end":{"line":520,"column":58}},"232":{"start":{"line":521,"column":6},"end":{"line":521,"column":66}},"233":{"start":{"line":522,"column":6},"end":{"line":522,"column":60}},"234":{"start":{"line":523,"column":6},"end":{"line":523,"column":62}},"235":{"start":{"line":524,"column":6},"end":{"line":524,"column":53}},"236":{"start":{"line":525,"column":6},"end":{"line":525,"column":54}},"237":{"start":{"line":526,"column":6},"end":{"line":526,"column":53}},"238":{"start":{"line":527,"column":6},"end":{"line":527,"column":13}},"239":{"start":{"line":533,"column":27},"end":{"line":537,"column":1}},"240":{"start":{"line":538,"column":25},"end":{"line":542,"column":1}},"241":{"start":{"line":544,"column":0},"end":{"line":639,"column":3}},"242":{"start":{"line":545,"column":2},"end":{"line":551,"column":5}},"243":{"start":{"line":546,"column":4},"end":{"line":550,"column":7}},"244":{"start":{"line":547,"column":6},"end":{"line":547,"column":47}},"245":{"start":{"line":548,"column":6},"end":{"line":548,"column":71}},"246":{"start":{"line":549,"column":6},"end":{"line":549,"column":13}},"247":{"start":{"line":553,"column":2},"end":{"line":559,"column":5}},"248":{"start":{"line":554,"column":4},"end":{"line":558,"column":7}},"249":{"start":{"line":555,"column":6},"end":{"line":555,"column":47}},"250":{"start":{"line":556,"column":6},"end":{"line":556,"column":66}},"251":{"start":{"line":557,"column":6},"end":{"line":557,"column":13}},"252":{"start":{"line":561,"column":2},"end":{"line":567,"column":5}},"253":{"start":{"line":562,"column":4},"end":{"line":566,"column":7}},"254":{"start":{"line":563,"column":6},"end":{"line":563,"column":47}},"255":{"start":{"line":564,"column":6},"end":{"line":564,"column":71}},"256":{"start":{"line":565,"column":6},"end":{"line":565,"column":13}},"257":{"start":{"line":569,"column":2},"end":{"line":575,"column":5}},"258":{"start":{"line":570,"column":4},"end":{"line":574,"column":7}},"259":{"start":{"line":571,"column":6},"end":{"line":571,"column":47}},"260":{"start":{"line":572,"column":6},"end":{"line":572,"column":133}},"261":{"start":{"line":573,"column":6},"end":{"line":573,"column":13}},"262":{"start":{"line":577,"column":2},"end":{"line":583,"column":5}},"263":{"start":{"line":578,"column":4},"end":{"line":582,"column":7}},"264":{"start":{"line":579,"column":6},"end":{"line":579,"column":47}},"265":{"start":{"line":580,"column":6},"end":{"line":580,"column":65}},"266":{"start":{"line":581,"column":6},"end":{"line":581,"column":13}},"267":{"start":{"line":585,"column":2},"end":{"line":591,"column":5}},"268":{"start":{"line":586,"column":4},"end":{"line":590,"column":7}},"269":{"start":{"line":587,"column":6},"end":{"line":587,"column":47}},"270":{"start":{"line":588,"column":6},"end":{"line":588,"column":80}},"271":{"start":{"line":589,"column":6},"end":{"line":589,"column":13}},"272":{"start":{"line":593,"column":2},"end":{"line":599,"column":5}},"273":{"start":{"line":594,"column":4},"end":{"line":598,"column":7}},"274":{"start":{"line":595,"column":6},"end":{"line":595,"column":47}},"275":{"start":{"line":596,"column":6},"end":{"line":596,"column":65}},"276":{"start":{"line":597,"column":6},"end":{"line":597,"column":13}},"277":{"start":{"line":601,"column":2},"end":{"line":607,"column":5}},"278":{"start":{"line":602,"column":4},"end":{"line":606,"column":7}},"279":{"start":{"line":603,"column":6},"end":{"line":603,"column":47}},"280":{"start":{"line":604,"column":6},"end":{"line":604,"column":109}},"281":{"start":{"line":605,"column":6},"end":{"line":605,"column":13}},"282":{"start":{"line":609,"column":2},"end":{"line":615,"column":5}},"283":{"start":{"line":610,"column":4},"end":{"line":614,"column":7}},"284":{"start":{"line":611,"column":6},"end":{"line":611,"column":47}},"285":{"start":{"line":612,"column":6},"end":{"line":612,"column":67}},"286":{"start":{"line":613,"column":6},"end":{"line":613,"column":13}},"287":{"start":{"line":617,"column":2},"end":{"line":623,"column":5}},"288":{"start":{"line":618,"column":4},"end":{"line":622,"column":7}},"289":{"start":{"line":619,"column":6},"end":{"line":619,"column":47}},"290":{"start":{"line":620,"column":6},"end":{"line":620,"column":63}},"291":{"start":{"line":621,"column":6},"end":{"line":621,"column":13}},"292":{"start":{"line":624,"column":2},"end":{"line":638,"column":5}},"293":{"start":{"line":625,"column":4},"end":{"line":637,"column":7}},"294":{"start":{"line":626,"column":6},"end":{"line":626,"column":47}},"295":{"start":{"line":627,"column":6},"end":{"line":627,"column":65}},"296":{"start":{"line":628,"column":6},"end":{"line":628,"column":65}},"297":{"start":{"line":629,"column":6},"end":{"line":629,"column":56}},"298":{"start":{"line":630,"column":6},"end":{"line":630,"column":66}},"299":{"start":{"line":631,"column":6},"end":{"line":631,"column":60}},"300":{"start":{"line":632,"column":6},"end":{"line":632,"column":62}},"301":{"start":{"line":633,"column":6},"end":{"line":633,"column":53}},"302":{"start":{"line":634,"column":6},"end":{"line":634,"column":54}},"303":{"start":{"line":635,"column":6},"end":{"line":635,"column":53}},"304":{"start":{"line":636,"column":6},"end":{"line":636,"column":13}},"305":{"start":{"line":642,"column":0},"end":{"line":666,"column":3}},"306":{"start":{"line":643,"column":2},"end":{"line":649,"column":5}},"307":{"start":{"line":644,"column":4},"end":{"line":648,"column":7}},"308":{"start":{"line":645,"column":6},"end":{"line":645,"column":47}},"309":{"start":{"line":646,"column":6},"end":{"line":646,"column":67}},"310":{"start":{"line":647,"column":6},"end":{"line":647,"column":13}},"311":{"start":{"line":651,"column":2},"end":{"line":657,"column":5}},"312":{"start":{"line":652,"column":4},"end":{"line":656,"column":7}},"313":{"start":{"line":653,"column":6},"end":{"line":653,"column":47}},"314":{"start":{"line":654,"column":6},"end":{"line":654,"column":88}},"315":{"start":{"line":655,"column":6},"end":{"line":655,"column":13}},"316":{"start":{"line":659,"column":2},"end":{"line":665,"column":5}},"317":{"start":{"line":660,"column":4},"end":{"line":664,"column":7}},"318":{"start":{"line":661,"column":6},"end":{"line":661,"column":47}},"319":{"start":{"line":662,"column":6},"end":{"line":662,"column":67}},"320":{"start":{"line":663,"column":6},"end":{"line":663,"column":13}}},"fnMap":{"0":{"name":"_interopRequireDefault","decl":{"start":{"line":11,"column":9},"end":{"line":11,"column":31}},"loc":{"start":{"line":11,"column":37},"end":{"line":11,"column":95}},"line":11},"1":{"name":"(anonymous_1)","decl":{"start":{"line":18,"column":36},"end":{"line":18,"column":37}},"loc":{"start":{"line":18,"column":48},"end":{"line":310,"column":1}},"line":18},"2":{"name":"(anonymous_2)","decl":{"start":{"line":164,"column":62},"end":{"line":164,"column":63}},"loc":{"start":{"line":164,"column":78},"end":{"line":170,"column":3}},"line":164},"3":{"name":"(anonymous_3)","decl":{"start":{"line":165,"column":93},"end":{"line":165,"column":94}},"loc":{"start":{"line":165,"column":113},"end":{"line":169,"column":5}},"line":165},"4":{"name":"(anonymous_4)","decl":{"start":{"line":172,"column":63},"end":{"line":172,"column":64}},"loc":{"start":{"line":172,"column":79},"end":{"line":178,"column":3}},"line":172},"5":{"name":"(anonymous_5)","decl":{"start":{"line":173,"column":95},"end":{"line":173,"column":96}},"loc":{"start":{"line":173,"column":115},"end":{"line":177,"column":5}},"line":173},"6":{"name":"(anonymous_6)","decl":{"start":{"line":180,"column":57},"end":{"line":180,"column":58}},"loc":{"start":{"line":180,"column":73},"end":{"line":186,"column":3}},"line":180},"7":{"name":"(anonymous_7)","decl":{"start":{"line":181,"column":97},"end":{"line":181,"column":98}},"loc":{"start":{"line":181,"column":117},"end":{"line":185,"column":5}},"line":181},"8":{"name":"(anonymous_8)","decl":{"start":{"line":188,"column":67},"end":{"line":188,"column":68}},"loc":{"start":{"line":188,"column":83},"end":{"line":194,"column":3}},"line":188},"9":{"name":"(anonymous_9)","decl":{"start":{"line":189,"column":99},"end":{"line":189,"column":100}},"loc":{"start":{"line":189,"column":119},"end":{"line":193,"column":5}},"line":189},"10":{"name":"(anonymous_10)","decl":{"start":{"line":196,"column":56},"end":{"line":196,"column":57}},"loc":{"start":{"line":196,"column":72},"end":{"line":202,"column":3}},"line":196},"11":{"name":"(anonymous_11)","decl":{"start":{"line":197,"column":96},"end":{"line":197,"column":97}},"loc":{"start":{"line":197,"column":116},"end":{"line":201,"column":5}},"line":197},"12":{"name":"(anonymous_12)","decl":{"start":{"line":204,"column":66},"end":{"line":204,"column":67}},"loc":{"start":{"line":204,"column":82},"end":{"line":210,"column":3}},"line":204},"13":{"name":"(anonymous_13)","decl":{"start":{"line":205,"column":98},"end":{"line":205,"column":99}},"loc":{"start":{"line":205,"column":118},"end":{"line":209,"column":5}},"line":205},"14":{"name":"(anonymous_14)","decl":{"start":{"line":212,"column":53},"end":{"line":212,"column":54}},"loc":{"start":{"line":212,"column":69},"end":{"line":218,"column":3}},"line":212},"15":{"name":"(anonymous_15)","decl":{"start":{"line":213,"column":93},"end":{"line":213,"column":94}},"loc":{"start":{"line":213,"column":113},"end":{"line":217,"column":5}},"line":213},"16":{"name":"(anonymous_16)","decl":{"start":{"line":220,"column":63},"end":{"line":220,"column":64}},"loc":{"start":{"line":220,"column":79},"end":{"line":226,"column":3}},"line":220},"17":{"name":"(anonymous_17)","decl":{"start":{"line":221,"column":95},"end":{"line":221,"column":96}},"loc":{"start":{"line":221,"column":115},"end":{"line":225,"column":5}},"line":221},"18":{"name":"(anonymous_18)","decl":{"start":{"line":228,"column":52},"end":{"line":228,"column":53}},"loc":{"start":{"line":228,"column":68},"end":{"line":234,"column":3}},"line":228},"19":{"name":"(anonymous_19)","decl":{"start":{"line":229,"column":90},"end":{"line":229,"column":91}},"loc":{"start":{"line":229,"column":110},"end":{"line":233,"column":5}},"line":229},"20":{"name":"(anonymous_20)","decl":{"start":{"line":236,"column":52},"end":{"line":236,"column":53}},"loc":{"start":{"line":236,"column":68},"end":{"line":242,"column":3}},"line":236},"21":{"name":"(anonymous_21)","decl":{"start":{"line":237,"column":92},"end":{"line":237,"column":93}},"loc":{"start":{"line":237,"column":112},"end":{"line":241,"column":5}},"line":237},"22":{"name":"(anonymous_22)","decl":{"start":{"line":244,"column":62},"end":{"line":244,"column":63}},"loc":{"start":{"line":244,"column":78},"end":{"line":250,"column":3}},"line":244},"23":{"name":"(anonymous_23)","decl":{"start":{"line":245,"column":94},"end":{"line":245,"column":95}},"loc":{"start":{"line":245,"column":114},"end":{"line":249,"column":5}},"line":245},"24":{"name":"(anonymous_24)","decl":{"start":{"line":252,"column":56},"end":{"line":252,"column":57}},"loc":{"start":{"line":252,"column":72},"end":{"line":258,"column":3}},"line":252},"25":{"name":"(anonymous_25)","decl":{"start":{"line":253,"column":89},"end":{"line":253,"column":90}},"loc":{"start":{"line":253,"column":109},"end":{"line":257,"column":5}},"line":253},"26":{"name":"(anonymous_26)","decl":{"start":{"line":260,"column":62},"end":{"line":260,"column":63}},"loc":{"start":{"line":260,"column":78},"end":{"line":266,"column":3}},"line":260},"27":{"name":"(anonymous_27)","decl":{"start":{"line":261,"column":102},"end":{"line":261,"column":103}},"loc":{"start":{"line":261,"column":122},"end":{"line":265,"column":5}},"line":261},"28":{"name":"(anonymous_28)","decl":{"start":{"line":268,"column":72},"end":{"line":268,"column":73}},"loc":{"start":{"line":268,"column":88},"end":{"line":274,"column":3}},"line":268},"29":{"name":"(anonymous_29)","decl":{"start":{"line":269,"column":104},"end":{"line":269,"column":105}},"loc":{"start":{"line":269,"column":124},"end":{"line":273,"column":5}},"line":269},"30":{"name":"(anonymous_30)","decl":{"start":{"line":275,"column":64},"end":{"line":275,"column":65}},"loc":{"start":{"line":275,"column":80},"end":{"line":281,"column":3}},"line":275},"31":{"name":"(anonymous_31)","decl":{"start":{"line":276,"column":99},"end":{"line":276,"column":100}},"loc":{"start":{"line":276,"column":119},"end":{"line":280,"column":5}},"line":276},"32":{"name":"(anonymous_32)","decl":{"start":{"line":282,"column":95},"end":{"line":282,"column":96}},"loc":{"start":{"line":282,"column":111},"end":{"line":295,"column":3}},"line":282},"33":{"name":"(anonymous_33)","decl":{"start":{"line":283,"column":93},"end":{"line":283,"column":94}},"loc":{"start":{"line":283,"column":113},"end":{"line":294,"column":5}},"line":283},"34":{"name":"(anonymous_34)","decl":{"start":{"line":296,"column":110},"end":{"line":296,"column":111}},"loc":{"start":{"line":296,"column":126},"end":{"line":309,"column":3}},"line":296},"35":{"name":"(anonymous_35)","decl":{"start":{"line":297,"column":96},"end":{"line":297,"column":97}},"loc":{"start":{"line":297,"column":116},"end":{"line":308,"column":5}},"line":297},"36":{"name":"(anonymous_36)","decl":{"start":{"line":314,"column":45},"end":{"line":314,"column":46}},"loc":{"start":{"line":314,"column":57},"end":{"line":337,"column":1}},"line":314},"37":{"name":"(anonymous_37)","decl":{"start":{"line":315,"column":63},"end":{"line":315,"column":64}},"loc":{"start":{"line":315,"column":79},"end":{"line":321,"column":3}},"line":315},"38":{"name":"(anonymous_38)","decl":{"start":{"line":316,"column":79},"end":{"line":316,"column":80}},"loc":{"start":{"line":316,"column":99},"end":{"line":320,"column":5}},"line":316},"39":{"name":"(anonymous_39)","decl":{"start":{"line":323,"column":82},"end":{"line":323,"column":83}},"loc":{"start":{"line":323,"column":98},"end":{"line":336,"column":3}},"line":323},"40":{"name":"(anonymous_40)","decl":{"start":{"line":324,"column":78},"end":{"line":324,"column":79}},"loc":{"start":{"line":324,"column":98},"end":{"line":335,"column":5}},"line":324},"41":{"name":"(anonymous_41)","decl":{"start":{"line":341,"column":54},"end":{"line":341,"column":55}},"loc":{"start":{"line":341,"column":66},"end":{"line":367,"column":1}},"line":341},"42":{"name":"(anonymous_42)","decl":{"start":{"line":342,"column":94},"end":{"line":342,"column":95}},"loc":{"start":{"line":342,"column":110},"end":{"line":348,"column":3}},"line":342},"43":{"name":"(anonymous_43)","decl":{"start":{"line":343,"column":81},"end":{"line":343,"column":82}},"loc":{"start":{"line":343,"column":101},"end":{"line":347,"column":5}},"line":343},"44":{"name":"(anonymous_44)","decl":{"start":{"line":350,"column":79},"end":{"line":350,"column":80}},"loc":{"start":{"line":350,"column":95},"end":{"line":357,"column":3}},"line":350},"45":{"name":"(anonymous_45)","decl":{"start":{"line":351,"column":80},"end":{"line":351,"column":81}},"loc":{"start":{"line":351,"column":100},"end":{"line":356,"column":5}},"line":351},"46":{"name":"(anonymous_46)","decl":{"start":{"line":359,"column":81},"end":{"line":359,"column":82}},"loc":{"start":{"line":359,"column":97},"end":{"line":366,"column":3}},"line":359},"47":{"name":"(anonymous_47)","decl":{"start":{"line":360,"column":80},"end":{"line":360,"column":81}},"loc":{"start":{"line":360,"column":100},"end":{"line":365,"column":5}},"line":360},"48":{"name":"(anonymous_48)","decl":{"start":{"line":370,"column":42},"end":{"line":370,"column":43}},"loc":{"start":{"line":370,"column":54},"end":{"line":387,"column":1}},"line":370},"49":{"name":"(anonymous_49)","decl":{"start":{"line":371,"column":92},"end":{"line":371,"column":93}},"loc":{"start":{"line":371,"column":108},"end":{"line":377,"column":3}},"line":371},"50":{"name":"(anonymous_50)","decl":{"start":{"line":372,"column":87},"end":{"line":372,"column":88}},"loc":{"start":{"line":372,"column":107},"end":{"line":376,"column":5}},"line":372},"51":{"name":"(anonymous_51)","decl":{"start":{"line":379,"column":98},"end":{"line":379,"column":99}},"loc":{"start":{"line":379,"column":114},"end":{"line":386,"column":3}},"line":379},"52":{"name":"(anonymous_52)","decl":{"start":{"line":380,"column":86},"end":{"line":380,"column":87}},"loc":{"start":{"line":380,"column":106},"end":{"line":385,"column":5}},"line":380},"53":{"name":"(anonymous_53)","decl":{"start":{"line":442,"column":33},"end":{"line":442,"column":34}},"loc":{"start":{"line":442,"column":45},"end":{"line":530,"column":1}},"line":442},"54":{"name":"(anonymous_54)","decl":{"start":{"line":443,"column":55},"end":{"line":443,"column":56}},"loc":{"start":{"line":443,"column":71},"end":{"line":449,"column":3}},"line":443},"55":{"name":"(anonymous_55)","decl":{"start":{"line":444,"column":109},"end":{"line":444,"column":110}},"loc":{"start":{"line":444,"column":129},"end":{"line":448,"column":5}},"line":444},"56":{"name":"(anonymous_56)","decl":{"start":{"line":451,"column":57},"end":{"line":451,"column":58}},"loc":{"start":{"line":451,"column":73},"end":{"line":457,"column":3}},"line":451},"57":{"name":"(anonymous_57)","decl":{"start":{"line":452,"column":111},"end":{"line":452,"column":112}},"loc":{"start":{"line":452,"column":131},"end":{"line":456,"column":5}},"line":452},"58":{"name":"(anonymous_58)","decl":{"start":{"line":459,"column":60},"end":{"line":459,"column":61}},"loc":{"start":{"line":459,"column":76},"end":{"line":465,"column":3}},"line":459},"59":{"name":"(anonymous_59)","decl":{"start":{"line":460,"column":109},"end":{"line":460,"column":110}},"loc":{"start":{"line":460,"column":129},"end":{"line":464,"column":5}},"line":460},"60":{"name":"(anonymous_60)","decl":{"start":{"line":467,"column":56},"end":{"line":467,"column":57}},"loc":{"start":{"line":467,"column":72},"end":{"line":473,"column":3}},"line":467},"61":{"name":"(anonymous_61)","decl":{"start":{"line":468,"column":115},"end":{"line":468,"column":116}},"loc":{"start":{"line":468,"column":135},"end":{"line":472,"column":5}},"line":468},"62":{"name":"(anonymous_62)","decl":{"start":{"line":475,"column":64},"end":{"line":475,"column":65}},"loc":{"start":{"line":475,"column":80},"end":{"line":481,"column":3}},"line":475},"63":{"name":"(anonymous_63)","decl":{"start":{"line":476,"column":110},"end":{"line":476,"column":111}},"loc":{"start":{"line":476,"column":130},"end":{"line":480,"column":5}},"line":476},"64":{"name":"(anonymous_64)","decl":{"start":{"line":483,"column":54},"end":{"line":483,"column":55}},"loc":{"start":{"line":483,"column":70},"end":{"line":489,"column":3}},"line":483},"65":{"name":"(anonymous_65)","decl":{"start":{"line":484,"column":108},"end":{"line":484,"column":109}},"loc":{"start":{"line":484,"column":128},"end":{"line":488,"column":5}},"line":484},"66":{"name":"(anonymous_66)","decl":{"start":{"line":491,"column":64},"end":{"line":491,"column":65}},"loc":{"start":{"line":491,"column":80},"end":{"line":497,"column":3}},"line":491},"67":{"name":"(anonymous_67)","decl":{"start":{"line":492,"column":110},"end":{"line":492,"column":111}},"loc":{"start":{"line":492,"column":130},"end":{"line":496,"column":5}},"line":492},"68":{"name":"(anonymous_68)","decl":{"start":{"line":499,"column":71},"end":{"line":499,"column":72}},"loc":{"start":{"line":499,"column":87},"end":{"line":505,"column":3}},"line":499},"69":{"name":"(anonymous_69)","decl":{"start":{"line":500,"column":110},"end":{"line":500,"column":111}},"loc":{"start":{"line":500,"column":130},"end":{"line":504,"column":5}},"line":500},"70":{"name":"(anonymous_70)","decl":{"start":{"line":507,"column":78},"end":{"line":507,"column":79}},"loc":{"start":{"line":507,"column":94},"end":{"line":513,"column":3}},"line":507},"71":{"name":"(anonymous_71)","decl":{"start":{"line":508,"column":119},"end":{"line":508,"column":120}},"loc":{"start":{"line":508,"column":139},"end":{"line":512,"column":5}},"line":508},"72":{"name":"(anonymous_72)","decl":{"start":{"line":515,"column":120},"end":{"line":515,"column":121}},"loc":{"start":{"line":515,"column":136},"end":{"line":529,"column":3}},"line":515},"73":{"name":"(anonymous_73)","decl":{"start":{"line":516,"column":118},"end":{"line":516,"column":119}},"loc":{"start":{"line":516,"column":138},"end":{"line":528,"column":5}},"line":516},"74":{"name":"(anonymous_74)","decl":{"start":{"line":544,"column":32},"end":{"line":544,"column":33}},"loc":{"start":{"line":544,"column":44},"end":{"line":639,"column":1}},"line":544},"75":{"name":"(anonymous_75)","decl":{"start":{"line":545,"column":55},"end":{"line":545,"column":56}},"loc":{"start":{"line":545,"column":71},"end":{"line":551,"column":3}},"line":545},"76":{"name":"(anonymous_76)","decl":{"start":{"line":546,"column":108},"end":{"line":546,"column":109}},"loc":{"start":{"line":546,"column":128},"end":{"line":550,"column":5}},"line":546},"77":{"name":"(anonymous_77)","decl":{"start":{"line":553,"column":65},"end":{"line":553,"column":66}},"loc":{"start":{"line":553,"column":81},"end":{"line":559,"column":3}},"line":553},"78":{"name":"(anonymous_78)","decl":{"start":{"line":554,"column":110},"end":{"line":554,"column":111}},"loc":{"start":{"line":554,"column":130},"end":{"line":558,"column":5}},"line":554},"79":{"name":"(anonymous_79)","decl":{"start":{"line":561,"column":60},"end":{"line":561,"column":61}},"loc":{"start":{"line":561,"column":76},"end":{"line":567,"column":3}},"line":561},"80":{"name":"(anonymous_80)","decl":{"start":{"line":562,"column":108},"end":{"line":562,"column":109}},"loc":{"start":{"line":562,"column":128},"end":{"line":566,"column":5}},"line":562},"81":{"name":"(anonymous_81)","decl":{"start":{"line":569,"column":56},"end":{"line":569,"column":57}},"loc":{"start":{"line":569,"column":72},"end":{"line":575,"column":3}},"line":569},"82":{"name":"(anonymous_82)","decl":{"start":{"line":570,"column":114},"end":{"line":570,"column":115}},"loc":{"start":{"line":570,"column":134},"end":{"line":574,"column":5}},"line":570},"83":{"name":"(anonymous_83)","decl":{"start":{"line":577,"column":64},"end":{"line":577,"column":65}},"loc":{"start":{"line":577,"column":80},"end":{"line":583,"column":3}},"line":577},"84":{"name":"(anonymous_84)","decl":{"start":{"line":578,"column":109},"end":{"line":578,"column":110}},"loc":{"start":{"line":578,"column":129},"end":{"line":582,"column":5}},"line":578},"85":{"name":"(anonymous_85)","decl":{"start":{"line":585,"column":54},"end":{"line":585,"column":55}},"loc":{"start":{"line":585,"column":70},"end":{"line":591,"column":3}},"line":585},"86":{"name":"(anonymous_86)","decl":{"start":{"line":586,"column":107},"end":{"line":586,"column":108}},"loc":{"start":{"line":586,"column":127},"end":{"line":590,"column":5}},"line":586},"87":{"name":"(anonymous_87)","decl":{"start":{"line":593,"column":64},"end":{"line":593,"column":65}},"loc":{"start":{"line":593,"column":80},"end":{"line":599,"column":3}},"line":593},"88":{"name":"(anonymous_88)","decl":{"start":{"line":594,"column":109},"end":{"line":594,"column":110}},"loc":{"start":{"line":594,"column":129},"end":{"line":598,"column":5}},"line":594},"89":{"name":"(anonymous_89)","decl":{"start":{"line":601,"column":71},"end":{"line":601,"column":72}},"loc":{"start":{"line":601,"column":87},"end":{"line":607,"column":3}},"line":601},"90":{"name":"(anonymous_90)","decl":{"start":{"line":602,"column":109},"end":{"line":602,"column":110}},"loc":{"start":{"line":602,"column":129},"end":{"line":606,"column":5}},"line":602},"91":{"name":"(anonymous_91)","decl":{"start":{"line":609,"column":77},"end":{"line":609,"column":78}},"loc":{"start":{"line":609,"column":93},"end":{"line":615,"column":3}},"line":609},"92":{"name":"(anonymous_92)","decl":{"start":{"line":610,"column":117},"end":{"line":610,"column":118}},"loc":{"start":{"line":610,"column":137},"end":{"line":614,"column":5}},"line":610},"93":{"name":"(anonymous_93)","decl":{"start":{"line":617,"column":94},"end":{"line":617,"column":95}},"loc":{"start":{"line":617,"column":110},"end":{"line":623,"column":3}},"line":617},"94":{"name":"(anonymous_94)","decl":{"start":{"line":618,"column":114},"end":{"line":618,"column":115}},"loc":{"start":{"line":618,"column":134},"end":{"line":622,"column":5}},"line":618},"95":{"name":"(anonymous_95)","decl":{"start":{"line":624,"column":119},"end":{"line":624,"column":120}},"loc":{"start":{"line":624,"column":135},"end":{"line":638,"column":3}},"line":624},"96":{"name":"(anonymous_96)","decl":{"start":{"line":625,"column":116},"end":{"line":625,"column":117}},"loc":{"start":{"line":625,"column":136},"end":{"line":637,"column":5}},"line":625},"97":{"name":"(anonymous_97)","decl":{"start":{"line":642,"column":36},"end":{"line":642,"column":37}},"loc":{"start":{"line":642,"column":48},"end":{"line":666,"column":1}},"line":642},"98":{"name":"(anonymous_98)","decl":{"start":{"line":643,"column":85},"end":{"line":643,"column":86}},"loc":{"start":{"line":643,"column":101},"end":{"line":649,"column":3}},"line":643},"99":{"name":"(anonymous_99)","decl":{"start":{"line":644,"column":80},"end":{"line":644,"column":81}},"loc":{"start":{"line":644,"column":100},"end":{"line":648,"column":5}},"line":644},"100":{"name":"(anonymous_100)","decl":{"start":{"line":651,"column":72},"end":{"line":651,"column":73}},"loc":{"start":{"line":651,"column":88},"end":{"line":657,"column":3}},"line":651},"101":{"name":"(anonymous_101)","decl":{"start":{"line":652,"column":81},"end":{"line":652,"column":82}},"loc":{"start":{"line":652,"column":101},"end":{"line":656,"column":5}},"line":652},"102":{"name":"(anonymous_102)","decl":{"start":{"line":659,"column":68},"end":{"line":659,"column":69}},"loc":{"start":{"line":659,"column":84},"end":{"line":665,"column":3}},"line":659},"103":{"name":"(anonymous_103)","decl":{"start":{"line":660,"column":78},"end":{"line":660,"column":79}},"loc":{"start":{"line":660,"column":98},"end":{"line":664,"column":5}},"line":660}},"branchMap":{"0":{"loc":{"start":{"line":11,"column":46},"end":{"line":11,"column":92}},"type":"cond-expr","locations":[{"start":{"line":11,"column":70},"end":{"line":11,"column":73}},{"start":{"line":11,"column":76},"end":{"line":11,"column":92}}],"line":11},"1":{"loc":{"start":{"line":11,"column":46},"end":{"line":11,"column":67}},"type":"binary-expr","locations":[{"start":{"line":11,"column":46},"end":{"line":11,"column":49}},{"start":{"line":11,"column":53},"end":{"line":11,"column":67}}],"line":11}},"s":{"0":1,"1":1,"2":1,"3":1,"4":2,"5":1,"6":1,"7":1,"8":1,"9":1,"10":1,"11":1,"12":1,"13":1,"14":1,"15":1,"16":1,"17":1,"18":1,"19":1,"20":1,"21":1,"22":1,"23":1,"24":1,"25":1,"26":1,"27":1,"28":1,"29":1,"30":1,"31":1,"32":1,"33":1,"34":1,"35":1,"36":1,"37":1,"38":1,"39":1,"40":1,"41":1,"42":1,"43":1,"44":1,"45":1,"46":1,"47":1,"48":1,"49":1,"50":1,"51":1,"52":1,"53":1,"54":1,"55":1,"56":1,"57":1,"58":1,"59":1,"60":1,"61":1,"62":1,"63":1,"64":1,"65":1,"66":1,"67":1,"68":1,"69":1,"70":1,"71":1,"72":1,"73":1,"74":1,"75":1,"76":1,"77":1,"78":1,"79":1,"80":1,"81":1,"82":1,"83":1,"84":1,"85":1,"86":1,"87":1,"88":1,"89":1,"90":1,"91":1,"92":1,"93":1,"94":1,"95":1,"96":1,"97":1,"98":1,"99":1,"100":1,"101":1,"102":1,"103":1,"104":1,"105":1,"106":1,"107":1,"108":1,"109":1,"110":1,"111":1,"112":1,"113":1,"114":1,"115":1,"116":1,"117":1,"118":1,"119":1,"120":1,"121":1,"122":1,"123":1,"124":1,"125":1,"126":1,"127":1,"128":1,"129":1,"130":1,"131":1,"132":1,"133":1,"134":1,"135":1,"136":1,"137":1,"138":1,"139":1,"140":1,"141":1,"142":1,"143":1,"144":1,"145":1,"146":1,"147":1,"148":1,"149":1,"150":1,"151":1,"152":1,"153":1,"154":1,"155":1,"156":1,"157":1,"158":1,"159":1,"160":1,"161":1,"162":1,"163":1,"164":1,"165":1,"166":1,"167":1,"168":1,"169":1,"170":1,"171":1,"172":1,"173":1,"174":1,"175":1,"176":1,"177":1,"178":1,"179":1,"180":1,"181":1,"182":1,"183":1,"184":1,"185":1,"186":1,"187":1,"188":1,"189":1,"190":1,"191":1,"192":1,"193":1,"194":1,"195":1,"196":1,"197":1,"198":1,"199":1,"200":1,"201":1,"202":1,"203":1,"204":1,"205":1,"206":1,"207":1,"208":1,"209":1,"210":1,"211":1,"212":1,"213":1,"214":1,"215":1,"216":1,"217":1,"218":1,"219":1,"220":1,"221":1,"222":1,"223":1,"224":1,"225":1,"226":1,"227":1,"228":1,"229":1,"230":1,"231":1,"232":1,"233":1,"234":1,"235":1,"236":1,"237":1,"238":1,"239":1,"240":1,"241":1,"242":1,"243":1,"244":1,"245":1,"246":1,"247":1,"248":1,"249":1,"250":1,"251":1,"252":1,"253":1,"254":1,"255":1,"256":1,"257":1,"258":1,"259":1,"260":1,"261":1,"262":1,"263":1,"264":1,"265":1,"266":1,"267":1,"268":1,"269":1,"270":1,"271":1,"272":1,"273":1,"274":1,"275":1,"276":1,"277":1,"278":1,"279":1,"280":1,"281":1,"282":1,"283":1,"284":1,"285":1,"286":1,"287":1,"288":1,"289":1,"290":1,"291":1,"292":1,"293":1,"294":1,"295":1,"296":1,"297":1,"298":1,"299":1,"300":1,"301":1,"302":1,"303":1,"304":1,"305":1,"306":1,"307":1,"308":1,"309":1,"310":1,"311":1,"312":1,"313":1,"314":1,"315":1,"316":1,"317":1,"318":1,"319":1,"320":1},"f":{"0":2,"1":1,"2":1,"3":1,"4":1,"5":1,"6":1,"7":1,"8":1,"9":1,"10":1,"11":1,"12":1,"13":1,"14":1,"15":1,"16":1,"17":1,"18":1,"19":1,"20":1,"21":1,"22":1,"23":1,"24":1,"25":1,"26":1,"27":1,"28":1,"29":1,"30":1,"31":1,"32":1,"33":1,"34":1,"35":1,"36":1,"37":1,"38":1,"39":1,"40":1,"41":1,"42":1,"43":1,"44":1,"45":1,"46":1,"47":1,"48":1,"49":1,"50":1,"51":1,"52":1,"53":1,"54":1,"55":1,"56":1,"57":1,"58":1,"59":1,"60":1,"61":1,"62":1,"63":1,"64":1,"65":1,"66":1,"67":1,"68":1,"69":1,"70":1,"71":1,"72":1,"73":1,"74":1,"75":1,"76":1,"77":1,"78":1,"79":1,"80":1,"81":1,"82":1,"83":1,"84":1,"85":1,"86":1,"87":1,"88":1,"89":1,"90":1,"91":1,"92":1,"93":1,"94":1,"95":1,"96":1,"97":1,"98":1,"99":1,"100":1,"101":1,"102":1,"103":1},"b":{"0":[0,2],"1":[2,2]},"_coverageSchema":"43e27e138ebf9cfc5966b082cf9a028302ed4184","hash":"bcf8b1b958c379def92f0e9d9e4bbd0d9f07a20d","contentHash":"4bd6b5aacbe62d818e502634c44db881cc451d9ea7d4ac3fce513bffa5ae4631"},"/Users/olubodeajayi/Banka/dist/app.js":{"path":"/Users/olubodeajayi/Banka/dist/app.js","statementMap":{"0":{"start":{"line":3,"column":15},"end":{"line":3,"column":33}},"1":{"start":{"line":5,"column":16},"end":{"line":5,"column":48}},"2":{"start":{"line":7,"column":14},"end":{"line":7,"column":31}},"3":{"start":{"line":9,"column":15},"end":{"line":9,"column":46}},"4":{"start":{"line":11,"column":14},"end":{"line":11,"column":47}},"5":{"start":{"line":13,"column":15},"end":{"line":13,"column":46}},"6":{"start":{"line":15,"column":39},"end":{"line":15,"column":93}},"7":{"start":{"line":17,"column":0},"end":{"line":17,"column":26}},"8":{"start":{"line":19,"column":10},"end":{"line":19,"column":34}},"9":{"start":{"line":20,"column":0},"end":{"line":20,"column":34}},"10":{"start":{"line":21,"column":0},"end":{"line":21,"column":27}},"11":{"start":{"line":23,"column":11},"end":{"line":23,"column":35}},"12":{"start":{"line":24,"column":0},"end":{"line":26,"column":3}},"13":{"start":{"line":25,"column":2},"end":{"line":25,"column":54}},"14":{"start":{"line":27,"column":0},"end":{"line":27,"column":21}}},"fnMap":{"0":{"name":"_interopRequireDefault","decl":{"start":{"line":15,"column":9},"end":{"line":15,"column":31}},"loc":{"start":{"line":15,"column":37},"end":{"line":15,"column":95}},"line":15},"1":{"name":"(anonymous_1)","decl":{"start":{"line":24,"column":17},"end":{"line":24,"column":18}},"loc":{"start":{"line":24,"column":29},"end":{"line":26,"column":1}},"line":24}},"branchMap":{"0":{"loc":{"start":{"line":15,"column":46},"end":{"line":15,"column":92}},"type":"cond-expr","locations":[{"start":{"line":15,"column":70},"end":{"line":15,"column":73}},{"start":{"line":15,"column":76},"end":{"line":15,"column":92}}],"line":15},"1":{"loc":{"start":{"line":15,"column":46},"end":{"line":15,"column":67}},"type":"binary-expr","locations":[{"start":{"line":15,"column":46},"end":{"line":15,"column":49}},{"start":{"line":15,"column":53},"end":{"line":15,"column":67}}],"line":15},"2":{"loc":{"start":{"line":23,"column":11},"end":{"line":23,"column":35}},"type":"binary-expr","locations":[{"start":{"line":23,"column":11},"end":{"line":23,"column":27}},{"start":{"line":23,"column":31},"end":{"line":23,"column":35}}],"line":23}},"s":{"0":1,"1":1,"2":1,"3":1,"4":1,"5":1,"6":3,"7":1,"8":1,"9":1,"10":1,"11":1,"12":1,"13":1,"14":1},"f":{"0":3,"1":1},"b":{"0":[1,2],"1":[3,3],"2":[1,1]},"_coverageSchema":"43e27e138ebf9cfc5966b082cf9a028302ed4184","hash":"7bc80466c55a5ffe62bf9ffb3d82b29a0afcef9d","contentHash":"b1e895da0ec610fe757369feec511422a1bfe13d5bcae2c42205238f476c1b5c"},"/Users/olubodeajayi/Banka/dist/server/routes/routes.js":{"path":"/Users/olubodeajayi/Banka/dist/server/routes/routes.js","statementMap":{"0":{"start":{"line":3,"column":0},"end":{"line":5,"column":3}},"1":{"start":{"line":7,"column":18},"end":{"line":7,"column":40}},"2":{"start":{"line":9,"column":19},"end":{"line":9,"column":54}},"3":{"start":{"line":11,"column":12},"end":{"line":11,"column":29}},"4":{"start":{"line":13,"column":13},"end":{"line":13,"column":42}},"5":{"start":{"line":15,"column":12},"end":{"line":15,"column":29}},"6":{"start":{"line":17,"column":13},"end":{"line":17,"column":42}},"7":{"start":{"line":19,"column":15},"end":{"line":19,"column":35}},"8":{"start":{"line":21,"column":16},"end":{"line":21,"column":48}},"9":{"start":{"line":23,"column":39},"end":{"line":23,"column":93}},"10":{"start":{"line":25,"column":0},"end":{"line":31,"column":2}},"11":{"start":{"line":26,"column":2},"end":{"line":26,"column":64}},"12":{"start":{"line":27,"column":2},"end":{"line":27,"column":39}},"13":{"start":{"line":28,"column":2},"end":{"line":28,"column":31}},"14":{"start":{"line":29,"column":2},"end":{"line":29,"column":37}},"15":{"start":{"line":30,"column":2},"end":{"line":30,"column":40}}},"fnMap":{"0":{"name":"_interopRequireDefault","decl":{"start":{"line":23,"column":9},"end":{"line":23,"column":31}},"loc":{"start":{"line":23,"column":37},"end":{"line":23,"column":95}},"line":23},"1":{"name":"(anonymous_1)","decl":{"start":{"line":25,"column":18},"end":{"line":25,"column":19}},"loc":{"start":{"line":25,"column":33},"end":{"line":31,"column":1}},"line":25}},"branchMap":{"0":{"loc":{"start":{"line":23,"column":46},"end":{"line":23,"column":92}},"type":"cond-expr","locations":[{"start":{"line":23,"column":70},"end":{"line":23,"column":73}},{"start":{"line":23,"column":76},"end":{"line":23,"column":92}}],"line":23},"1":{"loc":{"start":{"line":23,"column":46},"end":{"line":23,"column":67}},"type":"binary-expr","locations":[{"start":{"line":23,"column":46},"end":{"line":23,"column":49}},{"start":{"line":23,"column":53},"end":{"line":23,"column":67}}],"line":23}},"s":{"0":1,"1":1,"2":1,"3":1,"4":1,"5":1,"6":1,"7":1,"8":1,"9":4,"10":1,"11":1,"12":1,"13":1,"14":1,"15":1},"f":{"0":4,"1":1},"b":{"0":[3,1],"1":[4,4]},"_coverageSchema":"43e27e138ebf9cfc5966b082cf9a028302ed4184","hash":"5c8f321293e6604f402678deef10514b1846bf20","contentHash":"138949c7e1605bc5f305b9eeae94bca6f4ef1ff6b7ddaf8a56acd9fcdc25c68f"},"/Users/olubodeajayi/Banka/dist/server/routes/home.js":{"path":"/Users/olubodeajayi/Banka/dist/server/routes/home.js","statementMap":{"0":{"start":{"line":3,"column":0},"end":{"line":5,"column":3}},"1":{"start":{"line":7,"column":15},"end":{"line":7,"column":33}},"2":{"start":{"line":9,"column":16},"end":{"line":9,"column":48}},"3":{"start":{"line":11,"column":39},"end":{"line":11,"column":93}},"4":{"start":{"line":13,"column":13},"end":{"line":13,"column":39}},"5":{"start":{"line":15,"column":0},"end":{"line":17,"column":3}},"6":{"start":{"line":16,"column":2},"end":{"line":16,"column":53}},"7":{"start":{"line":19,"column":0},"end":{"line":19,"column":25}}},"fnMap":{"0":{"name":"_interopRequireDefault","decl":{"start":{"line":11,"column":9},"end":{"line":11,"column":31}},"loc":{"start":{"line":11,"column":37},"end":{"line":11,"column":95}},"line":11},"1":{"name":"(anonymous_1)","decl":{"start":{"line":15,"column":16},"end":{"line":15,"column":17}},"loc":{"start":{"line":15,"column":36},"end":{"line":17,"column":1}},"line":15}},"branchMap":{"0":{"loc":{"start":{"line":11,"column":46},"end":{"line":11,"column":92}},"type":"cond-expr","locations":[{"start":{"line":11,"column":70},"end":{"line":11,"column":73}},{"start":{"line":11,"column":76},"end":{"line":11,"column":92}}],"line":11},"1":{"loc":{"start":{"line":11,"column":46},"end":{"line":11,"column":67}},"type":"binary-expr","locations":[{"start":{"line":11,"column":46},"end":{"line":11,"column":49}},{"start":{"line":11,"column":53},"end":{"line":11,"column":67}}],"line":11}},"s":{"0":1,"1":1,"2":1,"3":1,"4":1,"5":1,"6":0,"7":1},"f":{"0":1,"1":0},"b":{"0":[0,1],"1":[1,1]},"_coverageSchema":"43e27e138ebf9cfc5966b082cf9a028302ed4184","hash":"c47925398e659d14431b9064665e984c0836b61c","contentHash":"aa2decc89ffc34b10474d3cc8396c0e300eb9f1d815d9cbd615f698354cbdb49"},"/Users/olubodeajayi/Banka/dist/server/routes/user.js":{"path":"/Users/olubodeajayi/Banka/dist/server/routes/user.js","statementMap":{"0":{"start":{"line":3,"column":0},"end":{"line":5,"column":3}},"1":{"start":{"line":7,"column":15},"end":{"line":7,"column":33}},"2":{"start":{"line":9,"column":16},"end":{"line":9,"column":48}},"3":{"start":{"line":11,"column":12},"end":{"line":11,"column":42}},"4":{"start":{"line":13,"column":13},"end":{"line":13,"column":42}},"5":{"start":{"line":15,"column":26},"end":{"line":15,"column":68}},"6":{"start":{"line":17,"column":27},"end":{"line":17,"column":70}},"7":{"start":{"line":19,"column":39},"end":{"line":19,"column":93}},"8":{"start":{"line":21,"column":13},"end":{"line":21,"column":39}},"9":{"start":{"line":23,"column":0},"end":{"line":23,"column":51}},"10":{"start":{"line":24,"column":0},"end":{"line":24,"column":51}},"11":{"start":{"line":25,"column":0},"end":{"line":25,"column":49}},"12":{"start":{"line":26,"column":0},"end":{"line":26,"column":155}},"13":{"start":{"line":28,"column":0},"end":{"line":28,"column":25}}},"fnMap":{"0":{"name":"_interopRequireDefault","decl":{"start":{"line":19,"column":9},"end":{"line":19,"column":31}},"loc":{"start":{"line":19,"column":37},"end":{"line":19,"column":95}},"line":19}},"branchMap":{"0":{"loc":{"start":{"line":19,"column":46},"end":{"line":19,"column":92}},"type":"cond-expr","locations":[{"start":{"line":19,"column":70},"end":{"line":19,"column":73}},{"start":{"line":19,"column":76},"end":{"line":19,"column":92}}],"line":19},"1":{"loc":{"start":{"line":19,"column":46},"end":{"line":19,"column":67}},"type":"binary-expr","locations":[{"start":{"line":19,"column":46},"end":{"line":19,"column":49}},{"start":{"line":19,"column":53},"end":{"line":19,"column":67}}],"line":19}},"s":{"0":1,"1":1,"2":1,"3":1,"4":1,"5":1,"6":1,"7":3,"8":1,"9":1,"10":1,"11":1,"12":1,"13":1},"f":{"0":3},"b":{"0":[2,1],"1":[3,3]},"_coverageSchema":"43e27e138ebf9cfc5966b082cf9a028302ed4184","hash":"e6c668c7f10e5582ab76d1dd84050de5198c41ce","contentHash":"4d2d6765586dd17add96d81878c0fa489d3a6fbba20056f8a2e8638045e60c08"},"/Users/olubodeajayi/Banka/dist/server/controllers/user.js":{"path":"/Users/olubodeajayi/Banka/dist/server/controllers/user.js","statementMap":{"0":{"start":{"line":3,"column":0},"end":{"line":5,"column":3}},"1":{"start":{"line":7,"column":11},"end":{"line":7,"column":25}},"2":{"start":{"line":9,"column":12},"end":{"line":9,"column":40}},"3":{"start":{"line":11,"column":12},"end":{"line":11,"column":37}},"4":{"start":{"line":13,"column":13},"end":{"line":13,"column":42}},"5":{"start":{"line":15,"column":24},"end":{"line":15,"column":65}},"6":{"start":{"line":17,"column":25},"end":{"line":17,"column":66}},"7":{"start":{"line":19,"column":24},"end":{"line":19,"column":65}},"8":{"start":{"line":21,"column":25},"end":{"line":21,"column":66}},"9":{"start":{"line":23,"column":15},"end":{"line":23,"column":44}},"10":{"start":{"line":25,"column":16},"end":{"line":25,"column":48}},"11":{"start":{"line":27,"column":39},"end":{"line":27,"column":93}},"12":{"start":{"line":29,"column":11},"end":{"line":78,"column":1}},"13":{"start":{"line":31,"column":17},"end":{"line":31,"column":77}},"14":{"start":{"line":32,"column":4},"end":{"line":34,"column":5}},"15":{"start":{"line":33,"column":6},"end":{"line":33,"column":91}},"16":{"start":{"line":35,"column":20},"end":{"line":35,"column":58}},"17":{"start":{"line":36,"column":4},"end":{"line":38,"column":5}},"18":{"start":{"line":37,"column":6},"end":{"line":37,"column":82}},"19":{"start":{"line":39,"column":18},"end":{"line":39,"column":49}},"20":{"start":{"line":40,"column":4},"end":{"line":40,"column":64}},"21":{"start":{"line":43,"column":17},"end":{"line":43,"column":77}},"22":{"start":{"line":44,"column":4},"end":{"line":46,"column":5}},"23":{"start":{"line":45,"column":6},"end":{"line":45,"column":91}},"24":{"start":{"line":47,"column":20},"end":{"line":47,"column":58}},"25":{"start":{"line":48,"column":4},"end":{"line":50,"column":5}},"26":{"start":{"line":49,"column":6},"end":{"line":49,"column":77}},"27":{"start":{"line":51,"column":4},"end":{"line":53,"column":5}},"28":{"start":{"line":52,"column":6},"end":{"line":52,"column":80}},"29":{"start":{"line":54,"column":25},"end":{"line":54,"column":56}},"30":{"start":{"line":55,"column":4},"end":{"line":55,"column":71}},"31":{"start":{"line":58,"column":20},"end":{"line":58,"column":57}},"32":{"start":{"line":59,"column":4},"end":{"line":61,"column":5}},"33":{"start":{"line":60,"column":6},"end":{"line":60,"column":76}},"34":{"start":{"line":62,"column":4},"end":{"line":62,"column":66}},"35":{"start":{"line":65,"column":20},"end":{"line":65,"column":60}},"36":{"start":{"line":66,"column":4},"end":{"line":68,"column":5}},"37":{"start":{"line":67,"column":6},"end":{"line":67,"column":76}},"38":{"start":{"line":69,"column":4},"end":{"line":69,"column":18}},"39":{"start":{"line":72,"column":19},"end":{"line":72,"column":77}},"40":{"start":{"line":73,"column":4},"end":{"line":75,"column":5}},"41":{"start":{"line":74,"column":6},"end":{"line":74,"column":77}},"42":{"start":{"line":76,"column":4},"end":{"line":76,"column":65}},"43":{"start":{"line":80,"column":0},"end":{"line":80,"column":23}}},"fnMap":{"0":{"name":"_interopRequireDefault","decl":{"start":{"line":27,"column":9},"end":{"line":27,"column":31}},"loc":{"start":{"line":27,"column":37},"end":{"line":27,"column":95}},"line":27},"1":{"name":"signUp","decl":{"start":{"line":30,"column":19},"end":{"line":30,"column":25}},"loc":{"start":{"line":30,"column":36},"end":{"line":41,"column":3}},"line":30},"2":{"name":"signIn","decl":{"start":{"line":42,"column":19},"end":{"line":42,"column":25}},"loc":{"start":{"line":42,"column":36},"end":{"line":56,"column":3}},"line":42},"3":{"name":"getUser","decl":{"start":{"line":57,"column":20},"end":{"line":57,"column":27}},"loc":{"start":{"line":57,"column":38},"end":{"line":63,"column":3}},"line":57},"4":{"name":"quickCheck","decl":{"start":{"line":64,"column":23},"end":{"line":64,"column":33}},"loc":{"start":{"line":64,"column":50},"end":{"line":70,"column":3}},"line":64},"5":{"name":"uploadProfilePhoto","decl":{"start":{"line":71,"column":31},"end":{"line":71,"column":49}},"loc":{"start":{"line":71,"column":60},"end":{"line":77,"column":3}},"line":71}},"branchMap":{"0":{"loc":{"start":{"line":27,"column":46},"end":{"line":27,"column":92}},"type":"cond-expr","locations":[{"start":{"line":27,"column":70},"end":{"line":27,"column":73}},{"start":{"line":27,"column":76},"end":{"line":27,"column":92}}],"line":27},"1":{"loc":{"start":{"line":27,"column":46},"end":{"line":27,"column":67}},"type":"binary-expr","locations":[{"start":{"line":27,"column":46},"end":{"line":27,"column":49}},{"start":{"line":27,"column":53},"end":{"line":27,"column":67}}],"line":27},"2":{"loc":{"start":{"line":32,"column":4},"end":{"line":34,"column":5}},"type":"if","locations":[{"start":{"line":32,"column":4},"end":{"line":34,"column":5}},{"start":{"line":32,"column":4},"end":{"line":34,"column":5}}],"line":32},"3":{"loc":{"start":{"line":36,"column":4},"end":{"line":38,"column":5}},"type":"if","locations":[{"start":{"line":36,"column":4},"end":{"line":38,"column":5}},{"start":{"line":36,"column":4},"end":{"line":38,"column":5}}],"line":36},"4":{"loc":{"start":{"line":44,"column":4},"end":{"line":46,"column":5}},"type":"if","locations":[{"start":{"line":44,"column":4},"end":{"line":46,"column":5}},{"start":{"line":44,"column":4},"end":{"line":46,"column":5}}],"line":44},"5":{"loc":{"start":{"line":48,"column":4},"end":{"line":50,"column":5}},"type":"if","locations":[{"start":{"line":48,"column":4},"end":{"line":50,"column":5}},{"start":{"line":48,"column":4},"end":{"line":50,"column":5}}],"line":48},"6":{"loc":{"start":{"line":51,"column":4},"end":{"line":53,"column":5}},"type":"if","locations":[{"start":{"line":51,"column":4},"end":{"line":53,"column":5}},{"start":{"line":51,"column":4},"end":{"line":53,"column":5}}],"line":51},"7":{"loc":{"start":{"line":59,"column":4},"end":{"line":61,"column":5}},"type":"if","locations":[{"start":{"line":59,"column":4},"end":{"line":61,"column":5}},{"start":{"line":59,"column":4},"end":{"line":61,"column":5}}],"line":59},"8":{"loc":{"start":{"line":66,"column":4},"end":{"line":68,"column":5}},"type":"if","locations":[{"start":{"line":66,"column":4},"end":{"line":68,"column":5}},{"start":{"line":66,"column":4},"end":{"line":68,"column":5}}],"line":66},"9":{"loc":{"start":{"line":73,"column":4},"end":{"line":75,"column":5}},"type":"if","locations":[{"start":{"line":73,"column":4},"end":{"line":75,"column":5}},{"start":{"line":73,"column":4},"end":{"line":75,"column":5}}],"line":73}},"s":{"0":1,"1":1,"2":1,"3":1,"4":1,"5":1,"6":1,"7":1,"8":1,"9":1,"10":1,"11":5,"12":1,"13":12,"14":12,"15":10,"16":2,"17":2,"18":1,"19":1,"20":1,"21":8,"22":8,"23":5,"24":3,"25":3,"26":1,"27":2,"28":1,"29":1,"30":1,"31":2,"32":2,"33":1,"34":1,"35":4,"36":4,"37":1,"38":3,"39":3,"40":3,"41":2,"42":1,"43":1},"f":{"0":5,"1":12,"2":8,"3":2,"4":4,"5":3},"b":{"0":[4,1],"1":[5,5],"2":[10,2],"3":[1,1],"4":[5,3],"5":[1,2],"6":[1,1],"7":[1,1],"8":[1,3],"9":[2,1]},"_coverageSchema":"43e27e138ebf9cfc5966b082cf9a028302ed4184","hash":"452df96e86d531fa3d77af7d51cb77284cf0a88d","contentHash":"3cae68de86b6c81208af5774b35ef2294ab1b2d0b209fe1940eda2bd5f717307"},"/Users/olubodeajayi/Banka/dist/server/models/user.js":{"path":"/Users/olubodeajayi/Banka/dist/server/models/user.js","statementMap":{"0":{"start":{"line":3,"column":0},"end":{"line":5,"column":3}},"1":{"start":{"line":7,"column":19},"end":{"line":7,"column":563}},"2":{"start":{"line":7,"column":76},"end":{"line":7,"column":347}},"3":{"start":{"line":7,"column":89},"end":{"line":7,"column":90}},"4":{"start":{"line":7,"column":134},"end":{"line":7,"column":142}},"5":{"start":{"line":7,"column":144},"end":{"line":7,"column":199}},"6":{"start":{"line":7,"column":200},"end":{"line":7,"column":231}},"7":{"start":{"line":7,"column":232},"end":{"line":7,"column":286}},"8":{"start":{"line":7,"column":259},"end":{"line":7,"column":286}},"9":{"start":{"line":7,"column":287},"end":{"line":7,"column":345}},"10":{"start":{"line":7,"column":350},"end":{"line":7,"column":559}},"11":{"start":{"line":7,"column":407},"end":{"line":7,"column":475}},"12":{"start":{"line":7,"column":423},"end":{"line":7,"column":475}},"13":{"start":{"line":7,"column":476},"end":{"line":7,"column":536}},"14":{"start":{"line":7,"column":493},"end":{"line":7,"column":536}},"15":{"start":{"line":7,"column":537},"end":{"line":7,"column":556}},"16":{"start":{"line":9,"column":15},"end":{"line":9,"column":44}},"17":{"start":{"line":11,"column":16},"end":{"line":11,"column":48}},"18":{"start":{"line":13,"column":39},"end":{"line":13,"column":93}},"19":{"start":{"line":15,"column":50},"end":{"line":15,"column":151}},"20":{"start":{"line":15,"column":92},"end":{"line":15,"column":149}},"21":{"start":{"line":17,"column":11},"end":{"line":132,"column":3}},"22":{"start":{"line":19,"column":4},"end":{"line":19,"column":32}},"23":{"start":{"line":21,"column":4},"end":{"line":21,"column":20}},"24":{"start":{"line":22,"column":4},"end":{"line":22,"column":26}},"25":{"start":{"line":25,"column":2},"end":{"line":129,"column":6}},"26":{"start":{"line":28,"column":6},"end":{"line":28,"column":29}},"27":{"start":{"line":29,"column":27},"end":{"line":29,"column":72}},"28":{"start":{"line":30,"column":17},"end":{"line":40,"column":7}},"29":{"start":{"line":41,"column":6},"end":{"line":41,"column":28}},"30":{"start":{"line":42,"column":22},"end":{"line":42,"column":76}},"31":{"start":{"line":44,"column":21},"end":{"line":52,"column":7}},"32":{"start":{"line":53,"column":6},"end":{"line":53,"column":22}},"33":{"start":{"line":58,"column":6},"end":{"line":60,"column":9}},"34":{"start":{"line":59,"column":8},"end":{"line":59,"column":52}},"35":{"start":{"line":65,"column":17},"end":{"line":67,"column":8}},"36":{"start":{"line":66,"column":8},"end":{"line":66,"column":52}},"37":{"start":{"line":68,"column":22},"end":{"line":68,"column":76}},"38":{"start":{"line":69,"column":21},"end":{"line":76,"column":7}},"39":{"start":{"line":77,"column":6},"end":{"line":77,"column":22}},"40":{"start":{"line":85,"column":17},"end":{"line":87,"column":8}},"41":{"start":{"line":86,"column":8},"end":{"line":86,"column":41}},"42":{"start":{"line":88,"column":6},"end":{"line":97,"column":7}},"43":{"start":{"line":89,"column":8},"end":{"line":96,"column":10}},"44":{"start":{"line":105,"column":17},"end":{"line":107,"column":8}},"45":{"start":{"line":106,"column":8},"end":{"line":106,"column":41}},"46":{"start":{"line":108,"column":6},"end":{"line":110,"column":7}},"47":{"start":{"line":109,"column":8},"end":{"line":109,"column":20}},"48":{"start":{"line":115,"column":17},"end":{"line":117,"column":8}},"49":{"start":{"line":116,"column":8},"end":{"line":116,"column":41}},"50":{"start":{"line":118,"column":6},"end":{"line":120,"column":7}},"51":{"start":{"line":119,"column":8},"end":{"line":119,"column":33}},"52":{"start":{"line":121,"column":6},"end":{"line":121,"column":36}},"53":{"start":{"line":122,"column":21},"end":{"line":126,"column":7}},"54":{"start":{"line":127,"column":6},"end":{"line":127,"column":22}},"55":{"start":{"line":131,"column":2},"end":{"line":131,"column":14}},"56":{"start":{"line":134,"column":0},"end":{"line":134,"column":29}}},"fnMap":{"0":{"name":"(anonymous_0)","decl":{"start":{"line":7,"column":19},"end":{"line":7,"column":20}},"loc":{"start":{"line":7,"column":31},"end":{"line":7,"column":561}},"line":7},"1":{"name":"defineProperties","decl":{"start":{"line":7,"column":42},"end":{"line":7,"column":58}},"loc":{"start":{"line":7,"column":74},"end":{"line":7,"column":349}},"line":7},"2":{"name":"(anonymous_2)","decl":{"start":{"line":7,"column":357},"end":{"line":7,"column":358}},"loc":{"start":{"line":7,"column":405},"end":{"line":7,"column":558}},"line":7},"3":{"name":"_interopRequireDefault","decl":{"start":{"line":13,"column":9},"end":{"line":13,"column":31}},"loc":{"start":{"line":13,"column":37},"end":{"line":13,"column":95}},"line":13},"4":{"name":"_classCallCheck","decl":{"start":{"line":15,"column":9},"end":{"line":15,"column":24}},"loc":{"start":{"line":15,"column":48},"end":{"line":15,"column":153}},"line":15},"5":{"name":"(anonymous_5)","decl":{"start":{"line":17,"column":11},"end":{"line":17,"column":12}},"loc":{"start":{"line":17,"column":23},"end":{"line":132,"column":1}},"line":17},"6":{"name":"User","decl":{"start":{"line":18,"column":11},"end":{"line":18,"column":15}},"loc":{"start":{"line":18,"column":18},"end":{"line":23,"column":3}},"line":18},"7":{"name":"signUp","decl":{"start":{"line":27,"column":20},"end":{"line":27,"column":26}},"loc":{"start":{"line":27,"column":33},"end":{"line":54,"column":5}},"line":27},"8":{"name":"checkForEmail","decl":{"start":{"line":57,"column":20},"end":{"line":57,"column":33}},"loc":{"start":{"line":57,"column":40},"end":{"line":61,"column":5}},"line":57},"9":{"name":"(anonymous_9)","decl":{"start":{"line":58,"column":29},"end":{"line":58,"column":30}},"loc":{"start":{"line":58,"column":42},"end":{"line":60,"column":7}},"line":58},"10":{"name":"signIn","decl":{"start":{"line":64,"column":20},"end":{"line":64,"column":26}},"loc":{"start":{"line":64,"column":33},"end":{"line":78,"column":5}},"line":64},"11":{"name":"(anonymous_11)","decl":{"start":{"line":65,"column":33},"end":{"line":65,"column":34}},"loc":{"start":{"line":65,"column":46},"end":{"line":67,"column":7}},"line":65},"12":{"name":"getUser","decl":{"start":{"line":84,"column":20},"end":{"line":84,"column":27}},"loc":{"start":{"line":84,"column":32},"end":{"line":98,"column":5}},"line":84},"13":{"name":"(anonymous_13)","decl":{"start":{"line":85,"column":33},"end":{"line":85,"column":34}},"loc":{"start":{"line":85,"column":46},"end":{"line":87,"column":7}},"line":85},"14":{"name":"quickCheck","decl":{"start":{"line":104,"column":20},"end":{"line":104,"column":30}},"loc":{"start":{"line":104,"column":35},"end":{"line":111,"column":5}},"line":104},"15":{"name":"(anonymous_15)","decl":{"start":{"line":105,"column":33},"end":{"line":105,"column":34}},"loc":{"start":{"line":105,"column":46},"end":{"line":107,"column":7}},"line":105},"16":{"name":"uploadProfilePhoto","decl":{"start":{"line":114,"column":20},"end":{"line":114,"column":38}},"loc":{"start":{"line":114,"column":49},"end":{"line":128,"column":5}},"line":114},"17":{"name":"(anonymous_17)","decl":{"start":{"line":115,"column":33},"end":{"line":115,"column":34}},"loc":{"start":{"line":115,"column":46},"end":{"line":117,"column":7}},"line":115}},"branchMap":{"0":{"loc":{"start":{"line":7,"column":168},"end":{"line":7,"column":198}},"type":"binary-expr","locations":[{"start":{"line":7,"column":168},"end":{"line":7,"column":189}},{"start":{"line":7,"column":193},"end":{"line":7,"column":198}}],"line":7},"1":{"loc":{"start":{"line":7,"column":232},"end":{"line":7,"column":286}},"type":"if","locations":[{"start":{"line":7,"column":232},"end":{"line":7,"column":286}},{"start":{"line":7,"column":232},"end":{"line":7,"column":286}}],"line":7},"2":{"loc":{"start":{"line":7,"column":407},"end":{"line":7,"column":475}},"type":"if","locations":[{"start":{"line":7,"column":407},"end":{"line":7,"column":475}},{"start":{"line":7,"column":407},"end":{"line":7,"column":475}}],"line":7},"3":{"loc":{"start":{"line":7,"column":476},"end":{"line":7,"column":536}},"type":"if","locations":[{"start":{"line":7,"column":476},"end":{"line":7,"column":536}},{"start":{"line":7,"column":476},"end":{"line":7,"column":536}}],"line":7},"4":{"loc":{"start":{"line":13,"column":46},"end":{"line":13,"column":92}},"type":"cond-expr","locations":[{"start":{"line":13,"column":70},"end":{"line":13,"column":73}},{"start":{"line":13,"column":76},"end":{"line":13,"column":92}}],"line":13},"5":{"loc":{"start":{"line":13,"column":46},"end":{"line":13,"column":67}},"type":"binary-expr","locations":[{"start":{"line":13,"column":46},"end":{"line":13,"column":49}},{"start":{"line":13,"column":53},"end":{"line":13,"column":67}}],"line":13},"6":{"loc":{"start":{"line":15,"column":50},"end":{"line":15,"column":151}},"type":"if","locations":[{"start":{"line":15,"column":50},"end":{"line":15,"column":151}},{"start":{"line":15,"column":50},"end":{"line":15,"column":151}}],"line":15},"7":{"loc":{"start":{"line":88,"column":6},"end":{"line":97,"column":7}},"type":"if","locations":[{"start":{"line":88,"column":6},"end":{"line":97,"column":7}},{"start":{"line":88,"column":6},"end":{"line":97,"column":7}}],"line":88},"8":{"loc":{"start":{"line":108,"column":6},"end":{"line":110,"column":7}},"type":"if","locations":[{"start":{"line":108,"column":6},"end":{"line":110,"column":7}},{"start":{"line":108,"column":6},"end":{"line":110,"column":7}}],"line":108},"9":{"loc":{"start":{"line":118,"column":6},"end":{"line":120,"column":7}},"type":"if","locations":[{"start":{"line":118,"column":6},"end":{"line":120,"column":7}},{"start":{"line":118,"column":6},"end":{"line":120,"column":7}}],"line":118}},"s":{"0":1,"1":1,"2":1,"3":1,"4":6,"5":6,"6":6,"7":6,"8":6,"9":6,"10":1,"11":1,"12":1,"13":1,"14":0,"15":1,"16":1,"17":1,"18":1,"19":1,"20":0,"21":1,"22":1,"23":1,"24":1,"25":1,"26":1,"27":1,"28":1,"29":1,"30":1,"31":1,"32":1,"33":5,"34":4,"35":1,"36":1,"37":1,"38":1,"39":1,"40":2,"41":2,"42":2,"43":1,"44":4,"45":4,"46":4,"47":3,"48":3,"49":3,"50":3,"51":2,"52":1,"53":1,"54":1,"55":1,"56":1},"f":{"0":1,"1":1,"2":1,"3":1,"4":1,"5":1,"6":1,"7":1,"8":5,"9":4,"10":1,"11":1,"12":2,"13":2,"14":4,"15":4,"16":3,"17":3},"b":{"0":[6,6],"1":[6,0],"2":[1,0],"3":[0,1],"4":[1,0],"5":[1,1],"6":[0,1],"7":[1,1],"8":[3,1],"9":[2,1]},"_coverageSchema":"43e27e138ebf9cfc5966b082cf9a028302ed4184","hash":"3f6be8069668a33b85c87cfb01ed4fcbad5918c4","contentHash":"e3fd51755301b9c0b47c85800b23dce89599c972e28a7ed1a13ba6d55a3bdfbe"},"/Users/olubodeajayi/Banka/dist/server/helpers/helpers.js":{"path":"/Users/olubodeajayi/Banka/dist/server/helpers/helpers.js","statementMap":{"0":{"start":{"line":3,"column":0},"end":{"line":5,"column":3}},"1":{"start":{"line":7,"column":14},"end":{"line":7,"column":31}},"2":{"start":{"line":9,"column":15},"end":{"line":9,"column":46}},"3":{"start":{"line":11,"column":20},"end":{"line":11,"column":43}},"4":{"start":{"line":13,"column":21},"end":{"line":13,"column":58}},"5":{"start":{"line":15,"column":39},"end":{"line":15,"column":93}},"6":{"start":{"line":17,"column":13},"end":{"line":30,"column":1}},"7":{"start":{"line":19,"column":4},"end":{"line":19,"column":80}},"8":{"start":{"line":22,"column":4},"end":{"line":22,"column":64}},"9":{"start":{"line":25,"column":16},"end":{"line":27,"column":47}},"10":{"start":{"line":28,"column":4},"end":{"line":28,"column":17}},"11":{"start":{"line":31,"column":0},"end":{"line":31,"column":25}}},"fnMap":{"0":{"name":"_interopRequireDefault","decl":{"start":{"line":15,"column":9},"end":{"line":15,"column":31}},"loc":{"start":{"line":15,"column":37},"end":{"line":15,"column":95}},"line":15},"1":{"name":"hashPassword","decl":{"start":{"line":18,"column":25},"end":{"line":18,"column":37}},"loc":{"start":{"line":18,"column":48},"end":{"line":20,"column":3}},"line":18},"2":{"name":"comparePassword","decl":{"start":{"line":21,"column":28},"end":{"line":21,"column":43}},"loc":{"start":{"line":21,"column":68},"end":{"line":23,"column":3}},"line":21},"3":{"name":"generateToken","decl":{"start":{"line":24,"column":26},"end":{"line":24,"column":39}},"loc":{"start":{"line":24,"column":53},"end":{"line":29,"column":3}},"line":24}},"branchMap":{"0":{"loc":{"start":{"line":15,"column":46},"end":{"line":15,"column":92}},"type":"cond-expr","locations":[{"start":{"line":15,"column":70},"end":{"line":15,"column":73}},{"start":{"line":15,"column":76},"end":{"line":15,"column":92}}],"line":15},"1":{"loc":{"start":{"line":15,"column":46},"end":{"line":15,"column":67}},"type":"binary-expr","locations":[{"start":{"line":15,"column":46},"end":{"line":15,"column":49}},{"start":{"line":15,"column":53},"end":{"line":15,"column":67}}],"line":15}},"s":{"0":1,"1":1,"2":1,"3":1,"4":1,"5":2,"6":1,"7":1,"8":2,"9":2,"10":2,"11":1},"f":{"0":2,"1":1,"2":2,"3":2},"b":{"0":[0,2],"1":[2,2]},"_coverageSchema":"43e27e138ebf9cfc5966b082cf9a028302ed4184","hash":"ffa6e54a52df8ca064679e56882a91bbf0e8f26f","contentHash":"b7b3a52a6ef2a800af168ffd1866779e448f644ee38eb73882fc70abad7f5be8"},"/Users/olubodeajayi/Banka/dist/server/validation/signUpValidation.js":{"path":"/Users/olubodeajayi/Banka/dist/server/validation/signUpValidation.js","statementMap":{"0":{"start":{"line":3,"column":0},"end":{"line":5,"column":3}},"1":{"start":{"line":7,"column":11},"end":{"line":7,"column":25}},"2":{"start":{"line":9,"column":12},"end":{"line":9,"column":40}},"3":{"start":{"line":11,"column":39},"end":{"line":11,"column":93}},"4":{"start":{"line":13,"column":19},"end":{"line":18,"column":1}},"5":{"start":{"line":19,"column":0},"end":{"line":19,"column":31}}},"fnMap":{"0":{"name":"_interopRequireDefault","decl":{"start":{"line":11,"column":9},"end":{"line":11,"column":31}},"loc":{"start":{"line":11,"column":37},"end":{"line":11,"column":95}},"line":11}},"branchMap":{"0":{"loc":{"start":{"line":11,"column":46},"end":{"line":11,"column":92}},"type":"cond-expr","locations":[{"start":{"line":11,"column":70},"end":{"line":11,"column":73}},{"start":{"line":11,"column":76},"end":{"line":11,"column":92}}],"line":11},"1":{"loc":{"start":{"line":11,"column":46},"end":{"line":11,"column":67}},"type":"binary-expr","locations":[{"start":{"line":11,"column":46},"end":{"line":11,"column":49}},{"start":{"line":11,"column":53},"end":{"line":11,"column":67}}],"line":11}},"s":{"0":1,"1":1,"2":1,"3":1,"4":1,"5":1},"f":{"0":1},"b":{"0":[0,1],"1":[1,1]},"_coverageSchema":"43e27e138ebf9cfc5966b082cf9a028302ed4184","hash":"064547d5b490954b7968430b204b896ce86b7aa8","contentHash":"e8c4dfc1f0a571df9c8b779feca847f3cf0e034629d1b290a582e0f3bea877f2"},"/Users/olubodeajayi/Banka/dist/server/validation/signInValidation.js":{"path":"/Users/olubodeajayi/Banka/dist/server/validation/signInValidation.js","statementMap":{"0":{"start":{"line":3,"column":0},"end":{"line":5,"column":3}},"1":{"start":{"line":7,"column":11},"end":{"line":7,"column":25}},"2":{"start":{"line":9,"column":12},"end":{"line":9,"column":40}},"3":{"start":{"line":11,"column":39},"end":{"line":11,"column":93}},"4":{"start":{"line":13,"column":19},"end":{"line":16,"column":1}},"5":{"start":{"line":17,"column":0},"end":{"line":17,"column":31}}},"fnMap":{"0":{"name":"_interopRequireDefault","decl":{"start":{"line":11,"column":9},"end":{"line":11,"column":31}},"loc":{"start":{"line":11,"column":37},"end":{"line":11,"column":95}},"line":11}},"branchMap":{"0":{"loc":{"start":{"line":11,"column":46},"end":{"line":11,"column":92}},"type":"cond-expr","locations":[{"start":{"line":11,"column":70},"end":{"line":11,"column":73}},{"start":{"line":11,"column":76},"end":{"line":11,"column":92}}],"line":11},"1":{"loc":{"start":{"line":11,"column":46},"end":{"line":11,"column":67}},"type":"binary-expr","locations":[{"start":{"line":11,"column":46},"end":{"line":11,"column":49}},{"start":{"line":11,"column":53},"end":{"line":11,"column":67}}],"line":11}},"s":{"0":1,"1":1,"2":1,"3":1,"4":1,"5":1},"f":{"0":1},"b":{"0":[0,1],"1":[1,1]},"_coverageSchema":"43e27e138ebf9cfc5966b082cf9a028302ed4184","hash":"abc8d0476f4c950100d41a5a49a6b4a06362dd7a","contentHash":"f211c89c784fb855a12a314ac8508b8d0f1b664b870ca52a097f8daa690f54f1"},"/Users/olubodeajayi/Banka/dist/server/helpers/upload-profile-photo.js":{"path":"/Users/olubodeajayi/Banka/dist/server/helpers/upload-profile-photo.js","statementMap":{"0":{"start":{"line":3,"column":0},"end":{"line":5,"column":3}},"1":{"start":{"line":7,"column":14},"end":{"line":7,"column":31}},"2":{"start":{"line":9,"column":15},"end":{"line":9,"column":46}},"3":{"start":{"line":11,"column":39},"end":{"line":11,"column":93}},"4":{"start":{"line":13,"column":19},"end":{"line":20,"column":2}},"5":{"start":{"line":15,"column":4},"end":{"line":15,"column":39}},"6":{"start":{"line":18,"column":4},"end":{"line":18,"column":65}},"7":{"start":{"line":22,"column":20},"end":{"line":28,"column":1}},"8":{"start":{"line":23,"column":2},"end":{"line":27,"column":3}},"9":{"start":{"line":24,"column":4},"end":{"line":24,"column":19}},"10":{"start":{"line":26,"column":4},"end":{"line":26,"column":20}},"11":{"start":{"line":30,"column":13},"end":{"line":34,"column":2}},"12":{"start":{"line":36,"column":0},"end":{"line":36,"column":25}}},"fnMap":{"0":{"name":"_interopRequireDefault","decl":{"start":{"line":11,"column":9},"end":{"line":11,"column":31}},"loc":{"start":{"line":11,"column":37},"end":{"line":11,"column":95}},"line":11},"1":{"name":"destination","decl":{"start":{"line":14,"column":24},"end":{"line":14,"column":35}},"loc":{"start":{"line":14,"column":57},"end":{"line":16,"column":3}},"line":14},"2":{"name":"filename","decl":{"start":{"line":17,"column":21},"end":{"line":17,"column":29}},"loc":{"start":{"line":17,"column":51},
[...]
:5}},"81":{"start":{"line":179,"column":4},"end":{"line":183,"column":7}},"82":{"start":{"line":180,"column":6},"end":{"line":180,"column":47}},"83":{"start":{"line":181,"column":6},"end":{"line":181,"column":65}},"84":{"start":{"line":182,"column":6},"end":{"line":182,"column":13}},"85":{"start":{"line":188,"column":25},"end":{"line":190,"column":1}},"86":{"start":{"line":191,"column":28},"end":{"line":193,"column":1}},"87":{"start":{"line":195,"column":23},"end":{"line":198,"column":1}},"88":{"start":{"line":199,"column":26},"end":{"line":202,"column":1}},"89":{"start":{"line":204,"column":25},"end":{"line":207,"column":1}},"90":{"start":{"line":209,"column":22},"end":{"line":212,"column":1}},"91":{"start":{"line":214,"column":26},"end":{"line":217,"column":1}},"92":{"start":{"line":219,"column":27},"end":{"line":222,"column":1}},"93":{"start":{"line":224,"column":0},"end":{"line":287,"column":3}},"94":{"start":{"line":225,"column":2},"end":{"line":231,"column":5}},"95":{"start":{"line":226,"column":4},"end":{"line":230,"column":7}},"96":{"start":{"line":227,"column":6},"end":{"line":227,"column":47}},"97":{"start":{"line":228,"column":6},"end":{"line":228,"column":64}},"98":{"start":{"line":229,"column":6},"end":{"line":229,"column":13}},"99":{"start":{"line":232,"column":2},"end":{"line":238,"column":5}},"100":{"start":{"line":233,"column":4},"end":{"line":237,"column":7}},"101":{"start":{"line":234,"column":6},"end":{"line":234,"column":47}},"102":{"start":{"line":235,"column":6},"end":{"line":235,"column":67}},"103":{"start":{"line":236,"column":6},"end":{"line":236,"column":13}},"104":{"start":{"line":239,"column":2},"end":{"line":245,"column":5}},"105":{"start":{"line":240,"column":4},"end":{"line":244,"column":7}},"106":{"start":{"line":241,"column":6},"end":{"line":241,"column":47}},"107":{"start":{"line":242,"column":6},"end":{"line":242,"column":79}},"108":{"start":{"line":243,"column":6},"end":{"line":243,"column":13}},"109":{"start":{"line":246,"column":2},"end":{"line":252,"column":5}},"110":{"start":{"line":247,"column":4},"end":{"line":251,"column":7}},"111":{"start":{"line":248,"column":6},"end":{"line":248,"column":47}},"112":{"start":{"line":249,"column":6},"end":{"line":249,"column":82}},"113":{"start":{"line":250,"column":6},"end":{"line":250,"column":13}},"114":{"start":{"line":253,"column":2},"end":{"line":259,"column":5}},"115":{"start":{"line":254,"column":4},"end":{"line":258,"column":7}},"116":{"start":{"line":255,"column":6},"end":{"line":255,"column":47}},"117":{"start":{"line":256,"column":6},"end":{"line":256,"column":74}},"118":{"start":{"line":257,"column":6},"end":{"line":257,"column":13}},"119":{"start":{"line":261,"column":2},"end":{"line":267,"column":5}},"120":{"start":{"line":262,"column":4},"end":{"line":266,"column":7}},"121":{"start":{"line":263,"column":6},"end":{"line":263,"column":47}},"122":{"start":{"line":264,"column":6},"end":{"line":264,"column":60}},"123":{"start":{"line":265,"column":6},"end":{"line":265,"column":13}},"124":{"start":{"line":268,"column":2},"end":{"line":274,"column":5}},"125":{"start":{"line":269,"column":4},"end":{"line":273,"column":7}},"126":{"start":{"line":270,"column":6},"end":{"line":270,"column":47}},"127":{"start":{"line":271,"column":6},"end":{"line":271,"column":63}},"128":{"start":{"line":272,"column":6},"end":{"line":272,"column":13}},"129":{"start":{"line":275,"column":2},"end":{"line":286,"column":5}},"130":{"start":{"line":276,"column":4},"end":{"line":285,"column":7}},"131":{"start":{"line":277,"column":6},"end":{"line":277,"column":47}},"132":{"start":{"line":278,"column":6},"end":{"line":278,"column":52}},"133":{"start":{"line":279,"column":6},"end":{"line":279,"column":46}},"134":{"start":{"line":280,"column":6},"end":{"line":280,"column":60}},"135":{"start":{"line":281,"column":6},"end":{"line":281,"column":58}},"136":{"start":{"line":282,"column":6},"end":{"line":282,"column":76}},"137":{"start":{"line":283,"column":6},"end":{"line":283,"column":55}},"138":{"start":{"line":284,"column":6},"end":{"line":284,"column":13}},"139":{"start":{"line":290,"column":0},"end":{"line":309,"column":3}},"140":{"start":{"line":291,"column":2},"end":{"line":297,"column":5}},"141":{"start":{"line":292,"column":4},"end":{"line":296,"column":7}},"142":{"start":{"line":293,"column":6},"end":{"line":293,"column":47}},"143":{"start":{"line":294,"column":6},"end":{"line":294,"column":59}},"144":{"start":{"line":295,"column":6},"end":{"line":295,"column":13}},"145":{"start":{"line":298,"column":2},"end":{"line":308,"column":5}},"146":{"start":{"line":299,"column":4},"end":{"line":307,"column":7}},"147":{"start":{"line":300,"column":6},"end":{"line":300,"column":47}},"148":{"start":{"line":301,"column":6},"end":{"line":301,"column":46}},"149":{"start":{"line":302,"column":6},"end":{"line":302,"column":60}},"150":{"start":{"line":303,"column":6},"end":{"line":303,"column":58}},"151":{"start":{"line":304,"column":6},"end":{"line":304,"column":76}},"152":{"start":{"line":305,"column":6},"end":{"line":305,"column":55}},"153":{"start":{"line":306,"column":6},"end":{"line":306,"column":13}},"154":{"start":{"line":310,"column":20},"end":{"line":310,"column":71}},"155":{"start":{"line":311,"column":19},"end":{"line":311,"column":75}},"156":{"start":{"line":313,"column":0},"end":{"line":347,"column":3}},"157":{"start":{"line":314,"column":2},"end":{"line":320,"column":5}},"158":{"start":{"line":315,"column":4},"end":{"line":319,"column":7}},"159":{"start":{"line":316,"column":6},"end":{"line":316,"column":47}},"160":{"start":{"line":317,"column":6},"end":{"line":317,"column":59}},"161":{"start":{"line":318,"column":6},"end":{"line":318,"column":13}},"162":{"start":{"line":322,"column":2},"end":{"line":328,"column":5}},"163":{"start":{"line":323,"column":4},"end":{"line":327,"column":7}},"164":{"start":{"line":324,"column":6},"end":{"line":324,"column":47}},"165":{"start":{"line":325,"column":6},"end":{"line":325,"column":60}},"166":{"start":{"line":326,"column":6},"end":{"line":326,"column":13}},"167":{"start":{"line":330,"column":2},"end":{"line":336,"column":5}},"168":{"start":{"line":331,"column":4},"end":{"line":335,"column":7}},"169":{"start":{"line":332,"column":6},"end":{"line":332,"column":47}},"170":{"start":{"line":333,"column":6},"end":{"line":333,"column":60}},"171":{"start":{"line":334,"column":6},"end":{"line":334,"column":13}},"172":{"start":{"line":338,"column":2},"end":{"line":346,"column":5}},"173":{"start":{"line":339,"column":4},"end":{"line":345,"column":7}},"174":{"start":{"line":340,"column":6},"end":{"line":340,"column":47}},"175":{"start":{"line":341,"column":6},"end":{"line":341,"column":46}},"176":{"start":{"line":342,"column":6},"end":{"line":342,"column":76}},"177":{"start":{"line":343,"column":6},"end":{"line":343,"column":70}},"178":{"start":{"line":344,"column":6},"end":{"line":344,"column":13}}},"fnMap":{"0":{"name":"_interopRequireDefault","decl":{"start":{"line":15,"column":9},"end":{"line":15,"column":31}},"loc":{"start":{"line":15,"column":37},"end":{"line":15,"column":95}},"line":15},"1":{"name":"(anonymous_1)","decl":{"start":{"line":95,"column":23},"end":{"line":95,"column":24}},"loc":{"start":{"line":95,"column":35},"end":{"line":185,"column":1}},"line":95},"2":{"name":"(anonymous_2)","decl":{"start":{"line":96,"column":55},"end":{"line":96,"column":56}},"loc":{"start":{"line":96,"column":71},"end":{"line":102,"column":3}},"line":96},"3":{"name":"(anonymous_3)","decl":{"start":{"line":97,"column":93},"end":{"line":97,"column":94}},"loc":{"start":{"line":97,"column":113},"end":{"line":101,"column":5}},"line":97},"4":{"name":"(anonymous_4)","decl":{"start":{"line":103,"column":59},"end":{"line":103,"column":60}},"loc":{"start":{"line":103,"column":75},"end":{"line":109,"column":3}},"line":103},"5":{"name":"(anonymous_5)","decl":{"start":{"line":104,"column":97},"end":{"line":104,"column":98}},"loc":{"start":{"line":104,"column":117},"end":{"line":108,"column":5}},"line":104},"6":{"name":"(anonymous_6)","decl":{"start":{"line":110,"column":58},"end":{"line":110,"column":59}},"loc":{"start":{"line":110,"column":74},"end":{"line":116,"column":3}},"line":110},"7":{"name":"(anonymous_7)","decl":{"start":{"line":111,"column":96},"end":{"line":111,"column":97}},"loc":{"start":{"line":111,"column":116},"end":{"line":115,"column":5}},"line":111},"8":{"name":"(anonymous_8)","decl":{"start":{"line":117,"column":58},"end":{"line":117,"column":59}},"loc":{"start":{"line":117,"column":74},"end":{"line":123,"column":3}},"line":117},"9":{"name":"(anonymous_9)","decl":{"start":{"line":118,"column":96},"end":{"line":118,"column":97}},"loc":{"start":{"line":118,"column":116},"end":{"line":122,"column":5}},"line":118},"10":{"name":"(anonymous_10)","decl":{"start":{"line":124,"column":53},"end":{"line":124,"column":54}},"loc":{"start":{"line":124,"column":69},"end":{"line":130,"column":3}},"line":124},"11":{"name":"(anonymous_11)","decl":{"start":{"line":125,"column":91},"end":{"line":125,"column":92}},"loc":{"start":{"line":125,"column":111},"end":{"line":129,"column":5}},"line":125},"12":{"name":"(anonymous_12)","decl":{"start":{"line":131,"column":52},"end":{"line":131,"column":53}},"loc":{"start":{"line":131,"column":68},"end":{"line":137,"column":3}},"line":131},"13":{"name":"(anonymous_13)","decl":{"start":{"line":132,"column":93},"end":{"line":132,"column":94}},"loc":{"start":{"line":132,"column":113},"end":{"line":136,"column":5}},"line":132},"14":{"name":"(anonymous_14)","decl":{"start":{"line":138,"column":57},"end":{"line":138,"column":58}},"loc":{"start":{"line":138,"column":73},"end":{"line":144,"column":3}},"line":138},"15":{"name":"(anonymous_15)","decl":{"start":{"line":139,"column":95},"end":{"line":139,"column":96}},"loc":{"start":{"line":139,"column":115},"end":{"line":143,"column":5}},"line":139},"16":{"name":"(anonymous_16)","decl":{"start":{"line":145,"column":56},"end":{"line":145,"column":57}},"loc":{"start":{"line":145,"column":72},"end":{"line":151,"column":3}},"line":145},"17":{"name":"(anonymous_17)","decl":{"start":{"line":146,"column":94},"end":{"line":146,"column":95}},"loc":{"start":{"line":146,"column":114},"end":{"line":150,"column":5}},"line":146},"18":{"name":"(anonymous_18)","decl":{"start":{"line":152,"column":57},"end":{"line":152,"column":58}},"loc":{"start":{"line":152,"column":73},"end":{"line":158,"column":3}},"line":152},"19":{"name":"(anonymous_19)","decl":{"start":{"line":153,"column":94},"end":{"line":153,"column":95}},"loc":{"start":{"line":153,"column":114},"end":{"line":157,"column":5}},"line":153},"20":{"name":"(anonymous_20)","decl":{"start":{"line":159,"column":60},"end":{"line":159,"column":61}},"loc":{"start":{"line":159,"column":76},"end":{"line":165,"column":3}},"line":159},"21":{"name":"(anonymous_21)","decl":{"start":{"line":160,"column":100},"end":{"line":160,"column":101}},"loc":{"start":{"line":160,"column":120},"end":{"line":164,"column":5}},"line":160},"22":{"name":"(anonymous_22)","decl":{"start":{"line":166,"column":72},"end":{"line":166,"column":73}},"loc":{"start":{"line":166,"column":88},"end":{"line":177,"column":3}},"line":166},"23":{"name":"(anonymous_23)","decl":{"start":{"line":167,"column":102},"end":{"line":167,"column":103}},"loc":{"start":{"line":167,"column":122},"end":{"line":176,"column":5}},"line":167},"24":{"name":"(anonymous_24)","decl":{"start":{"line":178,"column":78},"end":{"line":178,"column":79}},"loc":{"start":{"line":178,"column":94},"end":{"line":184,"column":3}},"line":178},"25":{"name":"(anonymous_25)","decl":{"start":{"line":179,"column":102},"end":{"line":179,"column":103}},"loc":{"start":{"line":179,"column":122},"end":{"line":183,"column":5}},"line":179},"26":{"name":"(anonymous_26)","decl":{"start":{"line":224,"column":23},"end":{"line":224,"column":24}},"loc":{"start":{"line":224,"column":35},"end":{"line":287,"column":1}},"line":224},"27":{"name":"(anonymous_27)","decl":{"start":{"line":225,"column":55},"end":{"line":225,"column":56}},"loc":{"start":{"line":225,"column":71},"end":{"line":231,"column":3}},"line":225},"28":{"name":"(anonymous_28)","decl":{"start":{"line":226,"column":99},"end":{"line":226,"column":100}},"loc":{"start":{"line":226,"column":119},"end":{"line":230,"column":5}},"line":226},"29":{"name":"(anonymous_29)","decl":{"start":{"line":232,"column":58},"end":{"line":232,"column":59}},"loc":{"start":{"line":232,"column":74},"end":{"line":238,"column":3}},"line":232},"30":{"name":"(anonymous_30)","decl":{"start":{"line":233,"column":102},"end":{"line":233,"column":103}},"loc":{"start":{"line":233,"column":122},"end":{"line":237,"column":5}},"line":233},"31":{"name":"(anonymous_31)","decl":{"start":{"line":239,"column":53},"end":{"line":239,"column":54}},"loc":{"start":{"line":239,"column":69},"end":{"line":245,"column":3}},"line":239},"32":{"name":"(anonymous_32)","decl":{"start":{"line":240,"column":97},"end":{"line":240,"column":98}},"loc":{"start":{"line":240,"column":117},"end":{"line":244,"column":5}},"line":240},"33":{"name":"(anonymous_33)","decl":{"start":{"line":246,"column":56},"end":{"line":246,"column":57}},"loc":{"start":{"line":246,"column":72},"end":{"line":252,"column":3}},"line":246},"34":{"name":"(anonymous_34)","decl":{"start":{"line":247,"column":100},"end":{"line":247,"column":101}},"loc":{"start":{"line":247,"column":120},"end":{"line":251,"column":5}},"line":247},"35":{"name":"(anonymous_35)","decl":{"start":{"line":253,"column":52},"end":{"line":253,"column":53}},"loc":{"start":{"line":253,"column":68},"end":{"line":259,"column":3}},"line":253},"36":{"name":"(anonymous_36)","decl":{"start":{"line":254,"column":99},"end":{"line":254,"column":100}},"loc":{"start":{"line":254,"column":119},"end":{"line":258,"column":5}},"line":254},"37":{"name":"(anonymous_37)","decl":{"start":{"line":261,"column":55},"end":{"line":261,"column":56}},"loc":{"start":{"line":261,"column":71},"end":{"line":267,"column":3}},"line":261},"38":{"name":"(anonymous_38)","decl":{"start":{"line":262,"column":96},"end":{"line":262,"column":97}},"loc":{"start":{"line":262,"column":116},"end":{"line":266,"column":5}},"line":262},"39":{"name":"(anonymous_39)","decl":{"start":{"line":268,"column":52},"end":{"line":268,"column":53}},"loc":{"start":{"line":268,"column":68},"end":{"line":274,"column":3}},"line":268},"40":{"name":"(anonymous_40)","decl":{"start":{"line":269,"column":100},"end":{"line":269,"column":101}},"loc":{"start":{"line":269,"column":120},"end":{"line":273,"column":5}},"line":269},"41":{"name":"(anonymous_41)","decl":{"start":{"line":275,"column":72},"end":{"line":275,"column":73}},"loc":{"start":{"line":275,"column":88},"end":{"line":286,"column":3}},"line":275},"42":{"name":"(anonymous_42)","decl":{"start":{"line":276,"column":101},"end":{"line":276,"column":102}},"loc":{"start":{"line":276,"column":121},"end":{"line":285,"column":5}},"line":276},"43":{"name":"(anonymous_43)","decl":{"start":{"line":290,"column":37},"end":{"line":290,"column":38}},"loc":{"start":{"line":290,"column":49},"end":{"line":309,"column":1}},"line":290},"44":{"name":"(anonymous_44)","decl":{"start":{"line":291,"column":73},"end":{"line":291,"column":74}},"loc":{"start":{"line":291,"column":89},"end":{"line":297,"column":3}},"line":291},"45":{"name":"(anonymous_45)","decl":{"start":{"line":292,"column":70},"end":{"line":292,"column":71}},"loc":{"start":{"line":292,"column":90},"end":{"line":296,"column":5}},"line":292},"46":{"name":"(anonymous_46)","decl":{"start":{"line":298,"column":90},"end":{"line":298,"column":91}},"loc":{"start":{"line":298,"column":106},"end":{"line":308,"column":3}},"line":298},"47":{"name":"(anonymous_47)","decl":{"start":{"line":299,"column":69},"end":{"line":299,"column":70}},"loc":{"start":{"line":299,"column":89},"end":{"line":307,"column":5}},"line":299},"48":{"name":"(anonymous_48)","decl":{"start":{"line":313,"column":36},"end":{"line":313,"column":37}},"loc":{"start":{"line":313,"column":48},"end":{"line":347,"column":1}},"line":313},"49":{"name":"(anonymous_49)","decl":{"start":{"line":314,"column":78},"end":{"line":314,"column":79}},"loc":{"start":{"line":314,"column":94},"end":{"line":320,"column":3}},"line":314},"50":{"name":"(anonymous_50)","decl":{"start":{"line":315,"column":123},"end":{"line":315,"column":124}},"loc":{"start":{"line":315,"column":143},"end":{"line":319,"column":5}},"line":315},"51":{"name":"(anonymous_51)","decl":{"start":{"line":322,"column":48},"end":{"line":322,"column":49}},"loc":{"start":{"line":322,"column":64},"end":{"line":328,"column":3}},"line":322},"52":{"name":"(anonymous_52)","decl":{"start":{"line":323,"column":111},"end":{"line":323,"column":112}},"loc":{"start":{"line":323,"column":131},"end":{"line":327,"column":5}},"line":323},"53":{"name":"(anonymous_53)","decl":{"start":{"line":330,"column":63},"end":{"line":330,"column":64}},"loc":{"start":{"line":330,"column":79},"end":{"line":336,"column":3}},"line":330},"54":{"name":"(anonymous_54)","decl":{"start":{"line":331,"column":121},"end":{"line":331,"column":122}},"loc":{"start":{"line":331,"column":141},"end":{"line":335,"column":5}},"line":331},"55":{"name":"(anonymous_55)","decl":{"start":{"line":338,"column":71},"end":{"line":338,"column":72}},"loc":{"start":{"line":338,"column":87},"end":{"line":346,"column":3}},"line":338},"56":{"name":"(anonymous_56)","decl":{"start":{"line":339,"column":122},"end":{"line":339,"column":123}},"loc":{"start":{"line":339,"column":142},"end":{"line":345,"column":5}},"line":339}},"branchMap":{"0":{"loc":{"start":{"line":15,"column":46},"end":{"line":15,"column":92}},"type":"cond-expr","locations":[{"start":{"line":15,"column":70},"end":{"line":15,"column":73}},{"start":{"line":15,"column":76},"end":{"line":15,"column":92}}],"line":15},"1":{"loc":{"start":{"line":15,"column":46},"end":{"line":15,"column":67}},"type":"binary-expr","locations":[{"start":{"line":15,"column":46},"end":{"line":15,"column":49}},{"start":{"line":15,"column":53},"end":{"line":15,"column":67}}],"line":15}},"s":{"0":1,"1":1,"2":1,"3":1,"4":1,"5":1,"6":3,"7":1,"8":1,"9":1,"10":1,"11":1,"12":1,"13":1,"14":1,"15":1,"16":1,"17":1,"18":1,"19":1,"20":1,"21":1,"22":1,"23":1,"24":1,"25":1,"26":1,"27":1,"28":1,"29":1,"30":1,"31":1,"32":1,"33":1,"34":1,"35":1,"36":1,"37":1,"38":1,"39":1,"40":1,"41":1,"42":1,"43":1,"44":1,"45":1,"46":1,"47":1,"48":1,"49":1,"50":1,"51":1,"52":1,"53":1,"54":1,"55":1,"56":1,"57":1,"58":1,"59":1,"60":1,"61":1,"62":1,"63":1,"64":1,"65":1,"66":1,"67":1,"68":1,"69":1,"70":1,"71":1,"72":1,"73":1,"74":1,"75":1,"76":1,"77":1,"78":1,"79":1,"80":1,"81":1,"82":1,"83":1,"84":1,"85":1,"86":1,"87":1,"88":1,"89":1,"90":1,"91":1,"92":1,"93":1,"94":1,"95":1,"96":1,"97":1,"98":1,"99":1,"100":1,"101":1,"102":1,"103":1,"104":1,"105":1,"106":1,"107":1,"108":1,"109":1,"110":1,"111":1,"112":1,"113":1,"114":1,"115":1,"116":1,"117":1,"118":1,"119":1,"120":1,"121":1,"122":1,"123":1,"124":1,"125":1,"126":1,"127":1,"128":1,"129":1,"130":1,"131":1,"132":1,"133":1,"134":1,"135":1,"136":1,"137":1,"138":1,"139":1,"140":1,"141":1,"142":1,"143":1,"144":1,"145":1,"146":1,"147":1,"148":1,"149":1,"150":1,"151":1,"152":1,"153":1,"154":1,"155":1,"156":1,"157":1,"158":1,"159":1,"160":1,"161":1,"162":1,"163":1,"164":1,"165":1,"166":1,"167":1,"168":1,"169":1,"170":1,"171":1,"172":1,"173":1,"174":1,"175":1,"176":1,"177":1,"178":1},"f":{"0":3,"1":1,"2":1,"3":1,"4":1,"5":1,"6":1,"7":1,"8":1,"9":1,"10":1,"11":1,"12":1,"13":1,"14":1,"15":1,"16":1,"17":1,"18":1,"19":1,"20":1,"21":1,"22":1,"23":1,"24":1,"25":1,"26":1,"27":1,"28":1,"29":1,"30":1,"31":1,"32":1,"33":1,"34":1,"35":1,"36":1,"37":1,"38":1,"39":1,"40":1,"41":1,"42":1,"43":1,"44":1,"45":1,"46":1,"47":1,"48":1,"49":1,"50":1,"51":1,"52":1,"53":1,"54":1,"55":1,"56":1},"b":{"0":[0,3],"1":[3,3]},"_coverageSchema":"43e27e138ebf9cfc5966b082cf9a028302ed4184","hash":"c4a07f4cc8b48f1469b6dd01158b125cc8c412c7","contentHash":"e69f57cb832915197071effed3666f635a7318ef4590fd8b14a4fc956f669028"}}