TN:
SF:/Users/olubodeajayi/Banka/dist/app.js
FN:15,_interopRequireDefault
FN:24,(anonymous_1)
FNF:2
FNH:2
FNDA:3,_interopRequireDefault
FNDA:1,(anonymous_1)
DA:3,1
DA:5,1
DA:7,1
DA:9,1
DA:11,1
DA:13,1
DA:15,3
DA:17,1
DA:19,1
DA:20,1
DA:21,1
DA:23,1
DA:24,1
DA:25,1
DA:27,1
LF:15
LH:15
BRDA:15,0,0,1
BRDA:15,0,1,2
BRDA:15,1,0,3
BRDA:15,1,1,3
BRDA:23,2,0,1
BRDA:23,2,1,1
BRF:6
BRH:6
end_of_record
TN:
SF:/Users/olubodeajayi/Banka/dist/server/controllers/account.js
FN:23,_interopRequireDefault
FN:26,createBankAccount
FN:34,findBankAccount
FN:41,activateDeactivate
FN:49,checkBalance
FN:57,creditAccount
FN:69,debitAccount
FN:84,deleteBankAccount
FNF:8
FNH:8
FNDA:4,_interopRequireDefault
FNDA:17,createBankAccount
FNDA:3,findBankAccount
FNDA:3,activateDeactivate
FNDA:2,checkBalance
FNDA:10,creditAccount
FNDA:11,debitAccount
FNDA:2,deleteBankAccount
DA:3,1
DA:7,1
DA:9,1
DA:11,1
DA:13,1
DA:15,1
DA:17,1
DA:19,1
DA:21,1
DA:23,4
DA:25,1
DA:27,17
DA:28,17
DA:29,15
DA:31,2
DA:32,2
DA:35,3
DA:36,3
DA:37,2
DA:39,1
DA:42,3
DA:43,3
DA:44,1
DA:46,2
DA:47,2
DA:50,2
DA:51,2
DA:52,1
DA:54,1
DA:55,1
DA:58,10
DA:59,10
DA:60,1
DA:62,9
DA:63,9
DA:64,8
DA:66,1
DA:67,1
DA:70,11
DA:71,11
DA:72,1
DA:74,10
DA:75,10
DA:76,8
DA:78,2
DA:79,2
DA:80,1
DA:82,1
DA:85,2
DA:86,2
DA:87,1
DA:89,1
DA:90,1
DA:93,1
LF:54
LH:54
BRDA:23,0,0,3
BRDA:23,0,1,1
BRDA:23,1,0,4
BRDA:23,1,1,4
BRDA:28,2,0,15
BRDA:28,2,1,2
BRDA:36,3,0,2
BRDA:36,3,1,1
BRDA:43,4,0,1
BRDA:43,4,1,2
BRDA:51,5,0,1
BRDA:51,5,1,1
BRDA:59,6,0,1
BRDA:59,6,1,9
BRDA:63,7,0,8
BRDA:63,7,1,1
BRDA:71,8,0,1
BRDA:71,8,1,10
BRDA:75,9,0,8
BRDA:75,9,1,2
BRDA:79,10,0,1
BRDA:79,10,1,1
BRDA:86,11,0,1
BRDA:86,11,1,1
BRF:24
BRH:24
end_of_record
TN:
SF:/Users/olubodeajayi/Banka/dist/server/controllers/user.js
FN:27,_interopRequireDefault
FN:30,signUp
FN:42,signIn
FN:57,getUser
FN:64,quickCheck
FN:71,uploadProfilePhoto
FNF:6
FNH:6
FNDA:5,_interopRequireDefault
FNDA:12,signUp
FNDA:8,signIn
FNDA:2,getUser
FNDA:4,quickCheck
FNDA:3,uploadProfilePhoto
DA:3,1
DA:7,1
DA:9,1
DA:11,1
DA:13,1
DA:15,1
DA:17,1
DA:19,1
DA:21,1
DA:23,1
DA:25,1
DA:27,5
DA:29,1
DA:31,12
DA:32,12
DA:33,10
DA:35,2
DA:36,2
DA:37,1
DA:39,1
DA:40,1
DA:43,8
DA:44,8
DA:45,5
DA:47,3
DA:48,3
DA:49,1
DA:51,2
DA:52,1
DA:54,1
DA:55,1
DA:58,2
DA:59,2
DA:60,1
DA:62,1
DA:65,4
DA:66,4
DA:67,1
DA:69,3
DA:72,3
DA:73,3
DA:74,2
DA:76,1
DA:80,1
LF:44
LH:44
BRDA:27,0,0,4
BRDA:27,0,1,1
BRDA:27,1,0,5
BRDA:27,1,1,5
BRDA:32,2,0,10
BRDA:32,2,1,2
BRDA:36,3,0,1
BRDA:36,3,1,1
BRDA:44,4,0,5
BRDA:44,4,1,3
BRDA:48,5,0,1
BRDA:48,5,1,2
BRDA:51,6,0,1
BRDA:51,6,1,1
BRDA:59,7,0,1
BRDA:59,7,1,1
BRDA:66,8,0,1
BRDA:66,8,1,3
BRDA:73,9,0,2
BRDA:73,9,1,1
BRF:20
BRH:20
end_of_record
TN:
SF:/Users/olubodeajayi/Banka/dist/server/helpers/helpers.js
FN:15,_interopRequireDefault
FN:18,hashPassword
FN:21,comparePassword
FN:24,generateToken
FNF:4
FNH:4
FNDA:2,_interopRequireDefault
FNDA:1,hashPassword
FNDA:2,comparePassword
FNDA:2,generateToken
DA:3,1
DA:7,1
DA:9,1
DA:11,1
DA:13,1
DA:15,2
DA:17,1
DA:19,1
DA:22,2
DA:25,2
DA:28,2
DA:31,1
LF:12
LH:12
BRDA:15,0,0,0
BRDA:15,0,1,2
BRDA:15,1,0,2
BRDA:15,1,1,2
BRF:4
BRH:3
end_of_record
TN:
SF:/Users/olubodeajayi/Banka/dist/server/helpers/postals.js
FN:15,_interopRequireDefault
FN:26,sendEmailNotification
FN:38,(anonymous_2)
FNF:3
FNH:2
FNDA:2,_interopRequireDefault
FNDA:2,sendEmailNotification
FNDA:0,(anonymous_2)
DA:3,1
DA:7,1
DA:9,1
DA:11,1
DA:13,1
DA:15,2
DA:17,1
DA:26,1
DA:27,2
DA:38,2
DA:39,0
DA:40,0
DA:42,0
DA:46,1
LF:14
LH:11
BRDA:15,0,0,0
BRDA:15,0,1,2
BRDA:15,1,0,2
BRDA:15,1,1,2
BRDA:39,2,0,0
BRDA:39,2,1,0
BRF:6
BRH:3
end_of_record
TN:
SF:/Users/olubodeajayi/Banka/dist/server/helpers/upload-profile-photo.js
FN:11,_interopRequireDefault
FN:14,destination
FN:17,filename
FN:22,checkFileType
FNF:4
FNH:4
FNDA:1,_interopRequireDefault
FNDA:1,destination
FNDA:1,filename
FNDA:2,checkFileType
DA:3,1
DA:7,1
DA:9,1
DA:11,1
DA:13,1
DA:15,1
DA:18,1
DA:22,1
DA:23,2
DA:24,1
DA:26,1
DA:30,1
DA:36,1
LF:13
LH:13
BRDA:11,0,0,0
BRDA:11,0,1,1
BRDA:11,1,0,1
BRDA:11,1,1,1
BRDA:23,2,0,1
BRDA:23,2,1,1
BRDA:23,3,0,2
BRDA:23,3,1,1
BRDA:23,3,2,1
BRDA:23,3,3,1
BRF:10
BRH:9
end_of_record
TN:
SF:/Users/olubodeajayi/Banka/dist/server/models/account.js
FN:7,(anonymous_0)
FN:7,defineProperties
FN:7,(anonymous_2)
FN:14,_interopRequireDefault
FN:16,_classCallCheck
FN:18,(anonymous_5)
FN:19,Account
FN:31,createBankAccount
FN:66,findBankAccount
FN:67,(anonymous_9)
FN:84,activateDeactivate
FN:85,(anonymous_11)
FN:100,checkBalance
FN:101,(anonymous_13)
FN:114,creditAccount
FN:115,(anonymous_15)
FN:140,debitAccount
FN:141,(anonymous_17)
FN:169,deleteBankAccount
FN:170,(anonymous_19)
FNF:20
FNH:20
FNDA:1,(anonymous_0)
FNDA:1,defineProperties
FNDA:1,(anonymous_2)
FNDA:1,_interopRequireDefault
FNDA:1,_classCallCheck
FNDA:1,(anonymous_5)
FNDA:1,Account
FNDA:2,createBankAccount
FNDA:31,findBankAccount
FNDA:38,(anonymous_9)
FNDA:2,activateDeactivate
FNDA:2,(anonymous_11)
FNDA:1,checkBalance
FNDA:1,(anonymous_13)
FNDA:1,creditAccount
FNDA:1,(anonymous_15)
FNDA:2,debitAccount
FNDA:2,(anonymous_17)
FNDA:1,deleteBankAccount
FNDA:2,(anonymous_19)
DA:3,1
DA:7,7
DA:10,1
DA:12,1
DA:14,1
DA:16,1
DA:18,1
DA:20,1
DA:22,1
DA:23,1
DA:24,1
DA:25,1
DA:26,1
DA:29,1
DA:32,2
DA:33,2
DA:34,2
DA:48,2
DA:49,2
DA:59,2
DA:67,31
DA:68,38
DA:70,31
DA:71,24
DA:85,2
DA:86,2
DA:88,2
DA:89,1
DA:91,1
DA:93,2
DA:101,1
DA:102,1
DA:104,1
DA:115,1
DA:116,1
DA:118,1
DA:119,1
DA:120,1
DA:121,1
DA:122,1
DA:123,1
DA:133,1
DA:134,1
DA:135,1
DA:136,1
DA:141,2
DA:142,2
DA:144,2
DA:145,1
DA:147,1
DA:148,1
DA:149,1
DA:150,1
DA:151,1
DA:152,1
DA:162,1
DA:163,1
DA:164,1
DA:165,1
DA:170,1
DA:171,2
DA:173,1
DA:174,1
DA:175,1
DA:176,1
DA:180,1
DA:183,1
LF:67
LH:67
BRDA:7,0,0,7
BRDA:7,0,1,7
BRDA:7,1,0,7
BRDA:7,1,1,0
BRDA:7,2,0,1
BRDA:7,2,1,0
BRDA:7,3,0,0
BRDA:7,3,1,1
BRDA:14,4,0,1
BRDA:14,4,1,0
BRDA:14,5,0,1
BRDA:14,5,1,1
BRDA:16,6,0,0
BRDA:16,6,1,1
BRDA:70,7,0,24
BRDA:70,7,1,7
BRDA:88,8,0,1
BRDA:88,8,1,1
BRDA:88,9,0,2
BRDA:88,9,1,2
BRDA:144,10,0,1
BRDA:144,10,1,1
BRF:22
BRH:17
end_of_record
TN:
SF:/Users/olubodeajayi/Banka/dist/server/models/user.js
FN:7,(anonymous_0)
FN:7,defineProperties
FN:7,(anonymous_2)
FN:13,_interopRequireDefault
FN:15,_classCallCheck
FN:17,(anonymous_5)
FN:18,User
FN:27,signUp
FN:57,checkForEmail
FN:58,(anonymous_9)
FN:64,signIn
FN:65,(anonymous_11)
FN:84,getUser
FN:85,(anonymous_13)
FN:104,quickCheck
FN:105,(anonymous_15)
FN:114,uploadProfilePhoto
FN:115,(anonymous_17)
FNF:18
FNH:18
FNDA:1,(anonymous_0)
FNDA:1,defineProperties
FNDA:1,(anonymous_2)
FNDA:1,_interopRequireDefault
FNDA:1,_classCallCheck
FNDA:1,(anonymous_5)
FNDA:1,User
FNDA:1,signUp
FNDA:5,checkForEmail
FNDA:4,(anonymous_9)
FNDA:1,signIn
FNDA:1,(anonymous_11)
FNDA:2,getUser
FNDA:2,(anonymous_13)
FNDA:4,quickCheck
FNDA:4,(anonymous_15)
FNDA:3,uploadProfilePhoto
FNDA:3,(anonymous_17)
DA:3,1
DA:7,6
DA:9,1
DA:11,1
DA:13,1
DA:15,1
DA:17,1
DA:19,1
DA:21,1
DA:22,1
DA:25,1
DA:28,1
DA:29,1
DA:30,1
DA:41,1
DA:42,1
DA:44,1
DA:53,1
DA:58,5
DA:59,4
DA:65,1
DA:66,1
DA:68,1
DA:69,1
DA:77,1
DA:85,2
DA:86,2
DA:88,2
DA:89,1
DA:105,4
DA:106,4
DA:108,4
DA:109,3
DA:115,3
DA:116,3
DA:118,3
DA:119,2
DA:121,1
DA:122,1
DA:127,1
DA:131,1
DA:134,1
LF:42
LH:42
BRDA:7,0,0,6
BRDA:7,0,1,6
BRDA:7,1,0,6
BRDA:7,1,1,0
BRDA:7,2,0,1
BRDA:7,2,1,0
BRDA:7,3,0,0
BRDA:7,3,1,1
BRDA:13,4,0,1
BRDA:13,4,1,0
BRDA:13,5,0,1
BRDA:13,5,1,1
BRDA:15,6,0,0
BRDA:15,6,1,1
BRDA:88,7,0,1
BRDA:88,7,1,1
BRDA:108,8,0,3
BRDA:108,8,1,1
BRDA:118,9,0,2
BRDA:118,9,1,1
BRF:20
BRH:15
end_of_record
TN:
SF:/Users/olubodeajayi/Banka/dist/server/routes/account.js
FN:15,_interopRequireDefault
FNF:1
FNH:1
FNDA:2,_interopRequireDefault
DA:3,1
DA:7,1
DA:9,1
DA:11,1
DA:13,1
DA:15,2
DA:17,1
DA:19,1
DA:20,1
DA:21,1
DA:22,1
DA:23,1
DA:24,1
DA:25,1
DA:27,1
LF:15
LH:15
BRDA:15,0,0,1
BRDA:15,0,1,1
BRDA:15,1,0,2
BRDA:15,1,1,2
BRF:4
BRH:4
end_of_record
TN:
SF:/Users/olubodeajayi/Banka/dist/server/routes/home.js
FN:11,_interopRequireDefault
FN:15,(anonymous_1)
FNF:2
FNH:1
FNDA:1,_interopRequireDefault
FNDA:0,(anonymous_1)
DA:3,1
DA:7,1
DA:9,1
DA:11,1
DA:13,1
DA:15,1
DA:16,0
DA:19,1
LF:8
LH:7
BRDA:11,0,0,0
BRDA:11,0,1,1
BRDA:11,1,0,1
BRDA:11,1,1,1
BRF:4
BRH:3
end_of_record
TN:
SF:/Users/olubodeajayi/Banka/dist/server/routes/routes.js
FN:23,_interopRequireDefault
FN:25,(anonymous_1)
FNF:2
FNH:2
FNDA:4,_interopRequireDefault
FNDA:1,(anonymous_1)
DA:3,1
DA:7,1
DA:9,1
DA:11,1
DA:13,1
DA:15,1
DA:17,1
DA:19,1
DA:21,1
DA:23,4
DA:25,1
DA:26,1
DA:27,1
DA:28,1
DA:29,1
DA:30,1
LF:16
LH:16
BRDA:23,0,0,3
BRDA:23,0,1,1
BRDA:23,1,0,4
BRDA:23,1,1,4
BRF:4
BRH:4
end_of_record
TN:
SF:/Users/olubodeajayi/Banka/dist/server/routes/user.js
FN:19,_interopRequireDefault
FNF:1
FNH:1
FNDA:3,_interopRequireDefault
DA:3,1
DA:7,1
DA:9,1
DA:11,1
DA:13,1
DA:15,1
DA:17,1
DA:19,3
DA:21,1
DA:23,1
DA:24,1
DA:25,1
DA:26,1
DA:28,1
LF:14
LH:14
BRDA:19,0,0,2
BRDA:19,0,1,1
BRDA:19,1,0,3
BRDA:19,1,1,3
BRF:4
BRH:4
end_of_record
TN:
SF:/Users/olubodeajayi/Banka/dist/server/test/account.js
FN:11,_interopRequireDefault
FN:18,(anonymous_1)
FN:164,(anonymous_2)
FN:165,(anonymous_3)
FN:172,(anonymous_4)
FN:173,(anonymous_5)
FN:180,(anonymous_6)
FN:181,(anonymous_7)
FN:188,(anonymous_8)
FN:189,(anonymous_9)
FN:196,(anonymous_10)
FN:197,(anonymous_11)
FN:204,(anonymous_12)
FN:205,(anonymous_13)
FN:212,(anonymous_14)
FN:213,(anonymous_15)
FN:220,(anonymous_16)
FN:221,(anonymous_17)
FN:228,(anonymous_18)
FN:229,(anonymous_19)
FN:236,(anonymous_20)
FN:237,(anonymous_21)
FN:244,(anonymous_22)
FN:245,(anonymous_23)
FN:252,(anonymous_24)
FN:253,(anonymous_25)
FN:260,(anonymous_26)
FN:261,(anonymous_27)
FN:268,(anonymous_28)
FN:269,(anonymous_29)
FN:275,(anonymous_30)
FN:276,(anonymous_31)
FN:282,(anonymous_32)
FN:283,(anonymous_33)
FN:296,(anonymous_34)
FN:297,(anonymous_35)
FN:314,(anonymous_36)
FN:315,(anonymous_37)
FN:316,(anonymous_38)
FN:323,(anonymous_39)
FN:324,(anonymous_40)
FN:341,(anonymous_41)
FN:342,(anonymous_42)
FN:343,(anonymous_43)
FN:350,(anonymous_44)
FN:351,(anonymous_45)
FN:359,(anonymous_46)
FN:360,(anonymous_47)
FN:370,(anonymous_48)
FN:371,(anonymous_49)
FN:372,(anonymous_50)
FN:379,(anonymous_51)
FN:380,(anonymous_52)
FN:442,(anonymous_53)
FN:443,(anonymous_54)
FN:444,(anonymous_55)
FN:451,(anonymous_56)
FN:452,(anonymous_57)
FN:459,(anonymous_58)
FN:460,(anonymous_59)
FN:467,(anonymous_60)
FN:468,(anonymous_61)
FN:475,(anonymous_62)
FN:476,(anonymous_63)
FN:483,(anonymous_64)
FN:484,(anonymous_65)
FN:491,(anonymous_66)
FN:492,(anonymous_67)
FN:499,(anonymous_68)
FN:500,(anonymous_69)
FN:507,(anonymous_70)
FN:508,(anonymous_71)
FN:515,(anonymous_72)
FN:516,(anonymous_73)
FN:544,(anonymous_74)
FN:545,(anonymous_75)
FN:546,(anonymous_76)
FN:553,(anonymous_77)
FN:554,(anonymous_78)
FN:561,(anonymous_79)
FN:562,(anonymous_80)
FN:569,(anonymous_81)
FN:570,(anonymous_82)
FN:577,(anonymous_83)
FN:578,(anonymous_84)
FN:585,(anonymous_85)
FN:586,(anonymous_86)
FN:593,(anonymous_87)
FN:594,(anonymous_88)
FN:601,(anonymous_89)
FN:602,(anonymous_90)
FN:609,(anonymous_91)
FN:610,(anonymous_92)
FN:617,(anonymous_93)
FN:618,(anonymous_94)
FN:624,(anonymous_95)
FN:625,(anonymous_96)
FN:642,(anonymous_97)
FN:643,(anonymous_98)
FN:644,(anonymous_99)
FN:651,(anonymous_100)
FN:652,(anonymous_101)
FN:659,(anonymous_102)
FN:660,(anonymous_103)
FNF:104
FNH:104
FNDA:2,_interopRequireDefault
FNDA:1,(anonymous_1)
FNDA:1,(anonymous_2)
FNDA:1,(anonymous_3)
FNDA:1,(anonymous_4)
FNDA:1,(anonymous_5)
FNDA:1,(anonymous_6)
FNDA:1,(anonymous_7)
FNDA:1,(anonymous_8)
FNDA:1,(anonymous_9)
FNDA:1,(anonymous_10)
FNDA:1,(anonymous_11)
FNDA:1,(anonymous_12)
FNDA:1,(anonymous_13)
FNDA:1,(anonymous_14)
FNDA:1,(anonymous_15)
FNDA:1,(anonymous_16)
FNDA:1,(anonymous_17)
FNDA:1,(anonymous_18)
FNDA:1,(anonymous_19)
FNDA:1,(anonymous_20)
FNDA:1,(anonymous_21)
FNDA:1,(anonymous_22)
FNDA:1,(anonymous_23)
FNDA:1,(anonymous_24)
FNDA:1,(anonymous_25)
FNDA:1,(anonymous_26)
FNDA:1,(anonymous_27)
FNDA:1,(anonymous_28)
FNDA:1,(anonymous_29)
FNDA:1,(anonymous_30)
FNDA:1,(anonymous_31)
FNDA:1,(anonymous_32)
FNDA:1,(anonymous_33)
FNDA:1,(anonymous_34)
FNDA:1,(anonymous_35)
FNDA:1,(anonymous_36)
FNDA:1,(anonymous_37)
FNDA:1,(anonymous_38)
FNDA:1,(anonymous_39)
FNDA:1,(anonymous_40)
FNDA:1,(anonymous_41)
FNDA:1,(anonymous_42)
FNDA:1,(anonymous_43)
FNDA:1,(anonymous_44)
FNDA:1,(anonymous_45)
FNDA:1,(anonymous_46)
FNDA:1,(anonymous_47)
FNDA:1,(anonymous_48)
FNDA:1,(anonymous_49)
FNDA:1,(anonymous_50)
FNDA:1,(anonymous_51)
FNDA:1,(anonymous_52)
FNDA:1,(anonymous_53)
FNDA:1,(anonymous_54)
FNDA:1,(anonymous_55)
FNDA:1,(anonymous_56)
FNDA:1,(anonymous_57)
FNDA:1,(anonymous_58)
FNDA:1,(anonymous_59)
FNDA:1,(anonymous_60)
FNDA:1,(anonymous_61)
FNDA:1,(anonymous_62)
FNDA:1,(anonymous_63)
FNDA:1,(anonymous_64)
FNDA:1,(anonymous_65)
FNDA:1,(anonymous_66)
FNDA:1,(anonymous_67)
FNDA:1,(anonymous_68)
FNDA:1,(anonymous_69)
FNDA:1,(anonymous_70)
FNDA:1,(anonymous_71)
FNDA:1,(anonymous_72)
FNDA:1,(anonymous_73)
FNDA:1,(anonymous_74)
FNDA:1,(anonymous_75)
FNDA:1,(anonymous_76)
FNDA:1,(anonymous_77)
FNDA:1,(anonymous_78)
FNDA:1,(anonymous_79)
FNDA:1,(anonymous_80)
FNDA:1,(anonymous_81)
FNDA:1,(anonymous_82)
FNDA:1,(anonymous_83)
FNDA:1,(anonymous_84)
FNDA:1,(anonymous_85)
FNDA:1,(anonymous_86)
FNDA:1,(anonymous_87)
FNDA:1,(anonymous_88)
FNDA:1,(anonymous_89)
FNDA:1,(anonymous_90)
FNDA:1,(anonymous_91)
FNDA:1,(anonymous_92)
FNDA:1,(anonymous_93)
FNDA:1,(anonymous_94)
FNDA:1,(anonymous_95)
FNDA:1,(anonymous_96)
FNDA:1,(anonymous_97)
FNDA:1,(anonymous_98)
FNDA:1,(anonymous_99)
FNDA:1,(anonymous_100)
FNDA:1,(anonymous_101)
FNDA:1,(anonymous_102)
FNDA:1,(anonymous_103)
DA:3,1
DA:5,1
DA:7,1
DA:9,1
DA:11,2
DA:15,1
DA:18,1
DA:19,1
DA:28,1
DA:36,1
DA:45,1
DA:53,1
DA:62,1
DA:70,1
DA:79,1
DA:87,1
DA:96,1
DA:105,1
DA:113,1
DA:122,1
DA:131,1
DA:139,1
DA:147,1
DA:155,1
DA:164,1
DA:165,1
DA:166,1
DA:167,1
DA:168,1
DA:172,1
DA:173,1
DA:174,1
DA:175,1
DA:176,1
DA:180,1
DA:181,1
DA:182,1
DA:183,1
DA:184,1
DA:188,1
DA:189,1
DA:190,1
DA:191,1
DA:192,1
DA:196,1
DA:197,1
DA:198,1
DA:199,1
DA:200,1
DA:204,1
DA:205,1
DA:206,1
DA:207,1
DA:208,1
DA:212,1
DA:213,1
DA:214,1
DA:215,1
DA:216,1
DA:220,1
DA:221,1
DA:222,1
DA:223,1
DA:224,1
DA:228,1
DA:229,1
DA:230,1
DA:231,1
DA:232,1
DA:236,1
DA:237,1
DA:238,1
DA:239,1
DA:240,1
DA:244,1
DA:245,1
DA:246,1
DA:247,1
DA:248,1
DA:252,1
DA:253,1
DA:254,1
DA:255,1
DA:256,1
DA:260,1
DA:261,1
DA:262,1
DA:263,1
DA:264,1
DA:268,1
DA:269,1
DA:270,1
DA:271,1
DA:272,1
DA:275,1
DA:276,1
DA:277,1
DA:278,1
DA:279,1
DA:282,1
DA:283,1
DA:284,1
DA:285,1
DA:286,1
DA:287,1
DA:288,1
DA:289,1
DA:290,1
DA:291,1
DA:292,1
DA:293,1
DA:296,1
DA:297,1
DA:298,1
DA:299,1
DA:300,1
DA:301,1
DA:302,1
DA:303,1
DA:304,1
DA:305,1
DA:306,1
DA:307,1
DA:314,1
DA:315,1
DA:316,1
DA:317,1
DA:318,1
DA:319,1
DA:323,1
DA:324,1
DA:325,1
DA:326,1
DA:327,1
DA:328,1
DA:329,1
DA:330,1
DA:331,1
DA:332,1
DA:333,1
DA:334,1
DA:341,1
DA:342,1
DA:343,1
DA:344,1
DA:345,1
DA:346,1
DA:350,1
DA:351,1
DA:352,1
DA:353,1
DA:354,1
DA:355,1
DA:359,1
DA:360,1
DA:361,1
DA:362,1
DA:363,1
DA:364,1
DA:370,1
DA:371,1
DA:372,1
DA:373,1
DA:374,1
DA:375,1
DA:379,1
DA:380,1
DA:381,1
DA:382,1
DA:383,1
DA:384,1
DA:391,1
DA:397,1
DA:402,1
DA:408,1
DA:414,1
DA:419,1
DA:425,1
DA:430,1
DA:436,1
DA:442,1
DA:443,1
DA:444,1
DA:445,1
DA:446,1
DA:447,1
DA:451,1
DA:452,1
DA:453,1
DA:454,1
DA:455,1
DA:459,1
DA:460,1
DA:461,1
DA:462,1
DA:463,1
DA:467,1
DA:468,1
DA:469,1
DA:470,1
DA:471,1
DA:475,1
DA:476,1
DA:477,1
DA:478,1
DA:479,1
DA:483,1
DA:484,1
DA:485,1
DA:486,1
DA:487,1
DA:491,1
DA:492,1
DA:493,1
DA:494,1
DA:495,1
DA:499,1
DA:500,1
DA:501,1
DA:502,1
DA:503,1
DA:507,1
DA:508,1
DA:509,1
DA:510,1
DA:511,1
DA:515,1
DA:516,1
DA:517,1
DA:518,1
DA:519,1
DA:520,1
DA:521,1
DA:522,1
DA:523,1
DA:524,1
DA:525,1
DA:526,1
DA:527,1
DA:533,1
DA:538,1
DA:544,1
DA:545,1
DA:546,1
DA:547,1
DA:548,1
DA:549,1
DA:553,1
DA:554,1
DA:555,1
DA:556,1
DA:557,1
DA:561,1
DA:562,1
DA:563,1
DA:564,1
DA:565,1
DA:569,1
DA:570,1
DA:571,1
DA:572,1
DA:573,1
DA:577,1
DA:578,1
DA:579,1
DA:580,1
DA:581,1
DA:585,1
DA:586,1
DA:587,1
DA:588,1
DA:589,1
DA:593,1
DA:594,1
DA:595,1
DA:596,1
DA:597,1
DA:601,1
DA:602,1
DA:603,1
DA:604,1
DA:605,1
DA:609,1
DA:610,1
DA:611,1
DA:612,1
DA:613,1
DA:617,1
DA:618,1
DA:619,1
DA:620,1
DA:621,1
DA:624,1
DA:625,1
DA:626,1
DA:627,1
DA:628,1
DA:629,1
DA:630,1
DA:631,1
DA:632,1
DA:633,1
DA:634,1
DA:635,1
DA:636,1
DA:642,1
DA:643,1
DA:644,1
DA:645,1
DA:646,1
DA:647,1
DA:651,1
DA:652,1
DA:653,1
DA:654,1
DA:655,1
DA:659,1
DA:660,1
DA:661,1
DA:662,1
DA:663,1
LF:321
LH:321
BRDA:11,0,0,0
BRDA:11,0,1,2
BRDA:11,1,0,2
BRDA:11,1,1,2
BRF:4
BRH:3
end_of_record
TN:
SF:/Users/olubodeajayi/Banka/dist/server/test/user.js
FN:15,_interopRequireDefault
FN:95,(anonymous_1)
FN:96,(anonymous_2)
FN:97,(anonymous_3)
FN:103,(anonymous_4)
FN:104,(anonymous_5)
FN:110,(anonymous_6)
FN:111,(anonymous_7)
FN:117,(anonymous_8)
FN:118,(anonymous_9)
FN:124,(anonymous_10)
FN:125,(anonymous_11)
FN:131,(anonymous_12)
FN:132,(anonymous_13)
FN:138,(anonymous_14)
FN:139,(anonymous_15)
FN:145,(anonymous_16)
FN:146,(anonymous_17)
FN:152,(anonymous_18)
FN:153,(anonymous_19)
FN:159,(anonymous_20)
FN:160,(anonymous_21)
FN:166,(anonymous_22)
FN:167,(anonymous_23)
FN:178,(anonymous_24)
FN:179,(anonymous_25)
FN:224,(anonymous_26)
FN:225,(anonymous_27)
FN:226,(anonymous_28)
FN:232,(anonymous_29)
FN:233,(anonymous_30)
FN:239,(anonymous_31)
FN:240,(anonymous_32)
FN:246,(anonymous_33)
FN:247,(anonymous_34)
FN:253,(anonymous_35)
FN:254,(anonymous_36)
FN:261,(anonymous_37)
FN:262,(anonymous_38)
FN:268,(anonymous_39)
FN:269,(anonymous_40)
FN:275,(anonymous_41)
FN:276,(anonymous_42)
FN:290,(anonymous_43)
FN:291,(anonymous_44)
FN:292,(anonymous_45)
FN:298,(anonymous_46)
FN:299,(anonymous_47)
FN:313,(anonymous_48)
FN:314,(anonymous_49)
FN:315,(anonymous_50)
FN:322,(anonymous_51)
FN:323,(anonymous_52)
FN:330,(anonymous_53)
FN:331,(anonymous_54)
FN:338,(anonymous_55)
FN:339,(anonymous_56)
FNF:57
FNH:57
FNDA:3,_interopRequireDefault
FNDA:1,(anonymous_1)
FNDA:1,(anonymous_2)
FNDA:1,(anonymous_3)
FNDA:1,(anonymous_4)
FNDA:1,(anonymous_5)
FNDA:1,(anonymous_6)
FNDA:1,(anonymous_7)
FNDA:1,(anonymous_8)
FNDA:1,(anonymous_9)
FNDA:1,(anonymous_10)
FNDA:1,(anonymous_11)
FNDA:1,(anonymous_12)
FNDA:1,(anonymous_13)
FNDA:1,(anonymous_14)
FNDA:1,(anonymous_15)
FNDA:1,(anonymous_16)
FNDA:1,(anonymous_17)
FNDA:1,(anonymous_18)
FNDA:1,(anonymous_19)
FNDA:1,(anonymous_20)
FNDA:1,(anonymous_21)
FNDA:1,(anonymous_22)
FNDA:1,(anonymous_23)
FNDA:1,(anonymous_24)
FNDA:1,(anonymous_25)
FNDA:1,(anonymous_26)
FNDA:1,(anonymous_27)
FNDA:1,(anonymous_28)
FNDA:1,(anonymous_29)
FNDA:1,(anonymous_30)
FNDA:1,(anonymous_31)
FNDA:1,(anonymous_32)
FNDA:1,(anonymous_33)
FNDA:1,(anonymous_34)
FNDA:1,(anonymous_35)
FNDA:1,(anonymous_36)
FNDA:1,(anonymous_37)
FNDA:1,(anonymous_38)
FNDA:1,(anonymous_39)
FNDA:1,(anonymous_40)
FNDA:1,(anonymous_41)
FNDA:1,(anonymous_42)
FNDA:1,(anonymous_43)
FNDA:1,(anonymous_44)
FNDA:1,(anonymous_45)
FNDA:1,(anonymous_46)
FNDA:1,(anonymous_47)
FNDA:1,(anonymous_48)
FNDA:1,(anonymous_49)
FNDA:1,(anonymous_50)
FNDA:1,(anonymous_51)
FNDA:1,(anonymous_52)
FNDA:1,(anonymous_53)
FNDA:1,(anonymous_54)
FNDA:1,(anonymous_55)
FNDA:1,(anonymous_56)
DA:3,1
DA:5,1
DA:7,1
DA:9,1
DA:11,1
DA:13,1
DA:15,3
DA:17,1
DA:22,1
DA:28,1
DA:34,1
DA:40,1
DA:46,1
DA:53,1
DA:60,1
DA:67,1
DA:74,1
DA:81,1
DA:88,1
DA:95,1
DA:96,1
DA:97,1
DA:98,1
DA:99,1
DA:100,1
DA:103,1
DA:104,1
DA:105,1
DA:106,1
DA:107,1
DA:110,1
DA:111,1
DA:112,1
DA:113,1
DA:114,1
DA:117,1
DA:118,1
DA:119,1
DA:120,1
DA:121,1
DA:124,1
DA:125,1
DA:126,1
DA:127,1
DA:128,1
DA:131,1
DA:132,1
DA:133,1
DA:134,1
DA:135,1
DA:138,1
DA:139,1
DA:140,1
DA:141,1
DA:142,1
DA:145,1
DA:146,1
DA:147,1
DA:148,1
DA:149,1
DA:152,1
DA:153,1
DA:154,1
DA:155,1
DA:156,1
DA:159,1
DA:160,1
DA:161,1
DA:162,1
DA:163,1
DA:166,1
DA:167,1
DA:168,1
DA:169,1
DA:170,1
DA:171,1
DA:172,1
DA:173,1
DA:174,1
DA:175,1
DA:178,1
DA:179,1
DA:180,1
DA:181,1
DA:182,1
DA:188,1
DA:191,1
DA:195,1
DA:199,1
DA:204,1
DA:209,1
DA:214,1
DA:219,1
DA:224,1
DA:225,1
DA:226,1
DA:227,1
DA:228,1
DA:229,1
DA:232,1
DA:233,1
DA:234,1
DA:235,1
DA:236,1
DA:239,1
DA:240,1
DA:241,1
DA:242,1
DA:243,1
DA:246,1
DA:247,1
DA:248,1
DA:249,1
DA:250,1
DA:253,1
DA:254,1
DA:255,1
DA:256,1
DA:257,1
DA:261,1
DA:262,1
DA:263,1
DA:264,1
DA:265,1
DA:268,1
DA:269,1
DA:270,1
DA:271,1
DA:272,1
DA:275,1
DA:276,1
DA:277,1
DA:278,1
DA:279,1
DA:280,1
DA:281,1
DA:282,1
DA:283,1
DA:284,1
DA:290,1
DA:291,1
DA:292,1
DA:293,1
DA:294,1
DA:295,1
DA:298,1
DA:299,1
DA:300,1
DA:301,1
DA:302,1
DA:303,1
DA:304,1
DA:305,1
DA:306,1
DA:310,1
DA:311,1
DA:313,1
DA:314,1
DA:315,1
DA:316,1
DA:317,1
DA:318,1
DA:322,1
DA:323,1
DA:324,1
DA:325,1
DA:326,1
DA:330,1
DA:331,1
DA:332,1
DA:333,1
DA:334,1
DA:338,1
DA:339,1
DA:340,1
DA:341,1
DA:342,1
DA:343,1
DA:344,1
LF:179
LH:179
BRDA:15,0,0,0
BRDA:15,0,1,3
BRDA:15,1,0,3
BRDA:15,1,1,3
BRF:4
BRH:3
end_of_record
TN:
SF:/Users/olubodeajayi/Banka/dist/server/validation/bankAccountValidation.js
FN:11,_interopRequireDefault
FNF:1
FNH:1
FNDA:1,_interopRequireDefault
DA:3,1
DA:7,1
DA:9,1
DA:11,1
DA:13,1
DA:21,1
LF:6
LH:6
BRDA:11,0,0,0
BRDA:11,0,1,1
BRDA:11,1,0,1
BRDA:11,1,1,1
BRF:4
BRH:3
end_of_record
TN:
SF:/Users/olubodeajayi/Banka/dist/server/validation/signInValidation.js
FN:11,_interopRequireDefault
FNF:1
FNH:1
FNDA:1,_interopRequireDefault
DA:3,1
DA:7,1
DA:9,1
DA:11,1
DA:13,1
DA:17,1
LF:6
LH:6
BRDA:11,0,0,0
BRDA:11,0,1,1
BRDA:11,1,0,1
BRDA:11,1,1,1
BRF:4
BRH:3
end_of_record
TN:
SF:/Users/olubodeajayi/Banka/dist/server/validation/signUpValidation.js
FN:11,_interopRequireDefault
FNF:1
FNH:1
FNDA:1,_interopRequireDefault
DA:3,1
DA:7,1
DA:9,1
DA:11,1
DA:13,1
DA:19,1
LF:6
LH:6
BRDA:11,0,0,0
BRDA:11,0,1,1
BRDA:11,1,0,1
BRDA:11,1,1,1
BRF:4
BRH:3
end_of_record
TN:
SF:/Users/olubodeajayi/Banka/dist/server/validation/transactionValidation.js
FN:11,_interopRequireDefault
FNF:1
FNH:1
FNDA:1,_interopRequireDefault
DA:3,1
DA:7,1
DA:9,1
DA:11,1
DA:13,1
DA:18,1
LF:6
LH:6
BRDA:11,0,0,0
BRDA:11,0,1,1
BRDA:11,1,0,1
BRDA:11,1,1,1
BRF:4
BRH:3
end_of_record
